Running tests on a test flinger device
Loading environment variables
Using environment file: tf_snapd_db
Deleting test flinger data
Creating job for snapd using a device
Running testflinger client
Submitting job to testflinger
JOB_ID: a83cd4e1-0eb4-4968-80c9-a75bcce06315
Print job: /var/snap/testflinger-cli/current/job.yaml 
job_queue: dragonboard
global_timeout: 36000
provision_data:
    channel: beta
test_data:
    test_cmds: |
        #!/bin/bash
        sudo apt update || ps aux | grep apt
        sudo apt install -y git curl sshpass
        git clone https://github.com/sergiocazzolato/snappy-qa-jobs.git
        (cd snappy-qa-jobs && git checkout master)
        git clone https://git.launchpad.net/snapd-vendor snapd
        (cd snapd && git checkout master)
        . snapd/tests/lib/external/prepare-ssh.sh "{device_ip}" "22" "ubuntu"
        . snappy-qa-jobs/scripts/utils/register_device.sh "{device_ip}" "22" "test" "ubuntu" "sergiocazzolato@yahoo.com.ar"
        . snappy-qa-jobs/scripts/utils/refresh_core.sh "{device_ip}" "22" "test" "ubuntu" "beta" "edge"
        . snappy-qa-jobs/scripts/utils/run_setup.sh "{device_ip}" "22" "test" "ubuntu" ""
        . snappy-qa-jobs/scripts/utils/get_spread.sh
        . snappy-qa-jobs/scripts/utils/run_spread.sh "{device_ip}" "22" "snapd" "external:ubuntu-core-16-arm-64:tests/" "" "tests/main/auto-refresh,tests/main/failover,tests/main/ubuntu-core-services"
Showing job data
This job is currently waiting on a node to become available. You will see no further output until the job starts running.
*******************************************

* Starting setup phase on dragonboard-005 *

*******************************************

Cleaning up container if it exists...
Error response from daemon: No such container: dragonboard005
***********************************************

* Starting provision phase on dragonboard-005 *

***********************************************
Install python-logstash if you want to use logstash logging
2017-12-13 05:26:53,986 dragonboard_005 INFO: BEGIN provision
2017-12-13 05:26:53,986 dragonboard_005 INFO: Booting Master Image
2017-12-13 05:26:53,986 dragonboard_005 INFO: Making sure the master image is booted
2017-12-13 05:26:53,986 dragonboard_005 INFO: Checking if test image booted.
2017-12-13 05:26:55,898 dragonboard_005 INFO: Running ssh -o StrictHostKeyChecking=no -o UserKnownHostsFile=/dev/null ubuntu@10.101.51.15 sudo sgdisk -o /dev/mmcblk1
Warning: Permanently added '10.101.51.15' (ECDSA) to the list of known hosts.
Warning: The kernel is still using the old partition table.
The new table will be used at the next reboot or after you
run partprobe(8) or kpartx(8)
The operation has completed successfully.
2017-12-13 05:26:57,876 dragonboard_005 INFO: Running ssh -o StrictHostKeyChecking=no -o UserKnownHostsFile=/dev/null ubuntu@10.101.51.15 sudo sync
Warning: Permanently added '10.101.51.15' (ECDSA) to the list of known hosts.
2017-12-13 05:26:58,698 dragonboard_005 INFO: Running snmpset -c private -v1 10.101.48.13 .1.3.6.1.4.1.318.1.1.12.3.3.1.1.4.5 i 2
iso.3.6.1.4.1.318.1.1.12.3.3.1.1.4.5 = INTEGER: 2
2017-12-13 05:26:58,817 dragonboard_005 INFO: Running sleep 10
2017-12-13 05:27:08,840 dragonboard_005 INFO: Running snmpset -c private -v1 10.101.48.13 .1.3.6.1.4.1.318.1.1.12.3.3.1.1.4.5 i 1
iso.3.6.1.4.1.318.1.1.12.3.3.1.1.4.5 = INTEGER: 1
2017-12-13 05:27:18,966 dragonboard_005 INFO: Checking if master image booted.
2017-12-13 05:27:36,995 dragonboard_005 INFO: Error checking device state. Forcing reboot...
2017-12-13 05:27:47,002 dragonboard_005 INFO: Checking if master image booted.
2017-12-13 05:40:14,029 dragonboard_005 INFO: Flashing Test Image
2017-12-13 05:40:14,528 dragonboard_005 INFO: Running: nc 10.101.50.22 36827| gunzip| sudo dd of=/dev/mmcblk1 bs=16M
2017-12-13 05:42:59,309 dragonboard_005 INFO: Creating Test User
Warning: Permanently added '10.101.51.15' (ECDSA) to the list of known hosts.
2017-12-13 05:43:01,683 dragonboard_005 INFO: Booting Test Image
2017-12-13 05:43:01,684 dragonboard_005 INFO: Booting the test image
/usr/bin/ssh-copy-id: INFO: Source of key(s) to be installed: "/home/ubuntu/.ssh/id_rsa.pub"

/usr/bin/ssh-copy-id: INFO: attempting to log in with the new key(s), to filter out any that are already installed
/usr/bin/ssh-copy-id: INFO: 1 key(s) remain to be installed -- if you are prompted now it is to install the new keys
Warning: Permanently added '10.101.51.15' (ECDSA) to the list of known hosts.

Number of key(s) added: 1

Now try logging into the machine, with:   "ssh -o 'StrictHostKeyChecking=no' -o 'UserKnownHostsFile=/dev/null' 'ubuntu@10.101.51.15'"
and check to make sure that only the key(s) you wanted were added.

2017-12-13 05:44:13,970 dragonboard_005 INFO: Checking if test image booted.
2017-12-13 05:44:14,471 dragonboard_005 INFO: END provision
******************************************

* Starting test phase on dragonboard-005 *

******************************************
Install python-logstash if you want to use logstash logging
2017-12-13 05:44:19,668 dragonboard_005 INFO: BEGIN testrun

WARNING: apt does not have a stable CLI interface. Use with caution in scripts.

Hit:1 http://archive.ubuntu.com/ubuntu xenial InRelease
Get:2 http://security.ubuntu.com/ubuntu xenial-security InRelease [102 kB]
Get:3 http://archive.ubuntu.com/ubuntu xenial-updates InRelease [102 kB]
Get:4 http://archive.ubuntu.com/ubuntu xenial-backports InRelease [102 kB]
Get:5 http://security.ubuntu.com/ubuntu xenial-security/universe Sources [55.6 kB]
Get:6 http://archive.ubuntu.com/ubuntu xenial-updates/universe Sources [232 kB]
Get:7 http://security.ubuntu.com/ubuntu xenial-security/main amd64 Packages [514 kB]
Get:8 http://archive.ubuntu.com/ubuntu xenial-updates/main amd64 Packages [876 kB]
Get:9 http://archive.ubuntu.com/ubuntu xenial-updates/restricted amd64 Packages [13.7 kB]
Get:10 http://archive.ubuntu.com/ubuntu xenial-updates/universe amd64 Packages [725 kB]
Get:11 http://archive.ubuntu.com/ubuntu xenial-updates/multiverse amd64 Packages [18.5 kB]
Get:12 http://archive.ubuntu.com/ubuntu xenial-backports/main amd64 Packages [5174 B]
Get:13 http://archive.ubuntu.com/ubuntu xenial-backports/universe amd64 Packages [7151 B]
Get:14 http://security.ubuntu.com/ubuntu xenial-security/restricted amd64 Packages [12.9 kB]
Get:15 http://security.ubuntu.com/ubuntu xenial-security/universe amd64 Packages [237 kB]
Get:16 http://security.ubuntu.com/ubuntu xenial-security/multiverse amd64 Packages [3481 B]
Fetched 3007 kB in 4s (672 kB/s)
Reading package lists...
Building dependency tree...
Reading state information...
52 packages can be upgraded. Run 'apt list --upgradable' to see them.

WARNING: apt does not have a stable CLI interface. Use with caution in scripts.

Reading package lists...
Building dependency tree...
Reading state information...
The following additional packages will be installed:
  git-man ifupdown iproute2 isc-dhcp-client isc-dhcp-common less
  libasn1-8-heimdal libatm1 libcurl3-gnutls libdns-export162 liberror-perl
  libgdbm3 libgmp10 libgnutls30 libgssapi3-heimdal libhcrypto4-heimdal
  libheimbase1-heimdal libheimntlm0-heimdal libhogweed4 libhx509-5-heimdal
  libisc-export160 libkrb5-26-heimdal libldap-2.4-2 libmnl0 libnettle6
  libp11-kit0 libperl5.22 libpopt0 libroken18-heimdal librtmp1 libsasl2-2
  libsasl2-modules libsasl2-modules-db libtasn1-6 libwind0-heimdal
  libxtables11 netbase patch perl perl-base perl-modules-5.22 rename rsync
Suggested packages:
  gettext-base git-daemon-run | git-daemon-sysvinit git-doc git-el git-email
  git-gui gitk gitweb git-arch git-cvs git-mediawiki git-svn ppp rdnssd
  iproute2-doc resolvconf avahi-autoipd isc-dhcp-client-ddns apparmor
  gnutls-bin libsasl2-modules-otp libsasl2-modules-ldap libsasl2-modules-sql
  libsasl2-modules-gssapi-mit | libsasl2-modules-gssapi-heimdal ed
  diffutils-doc perl-doc libterm-readline-gnu-perl
  | libterm-readline-perl-perl make openssh-server
The following NEW packages will be installed:
  curl git git-man ifupdown iproute2 isc-dhcp-client isc-dhcp-common less
  libasn1-8-heimdal libatm1 libcurl3-gnutls libdns-export162 liberror-perl
  libgdbm3 libgmp10 libgnutls30 libgssapi3-heimdal libhcrypto4-heimdal
  libheimbase1-heimdal libheimntlm0-heimdal libhogweed4 libhx509-5-heimdal
  libisc-export160 libkrb5-26-heimdal libldap-2.4-2 libmnl0 libnettle6
  libp11-kit0 libperl5.22 libpopt0 libroken18-heimdal librtmp1 libsasl2-2
  libsasl2-modules libsasl2-modules-db libtasn1-6 libwind0-heimdal
  libxtables11 netbase patch perl perl-modules-5.22 rename rsync sshpass
The following packages will be upgraded:
  perl-base
1 upgraded, 45 newly installed, 0 to remove and 51 not upgraded.
Need to get 16.4 MB of archives.
After this operation, 79.8 MB of additional disk space will be used.
Get:1 http://archive.ubuntu.com/ubuntu xenial-updates/main amd64 perl-base amd64 5.22.1-9ubuntu0.2 [1282 kB]
Get:2 http://archive.ubuntu.com/ubuntu xenial/main amd64 libatm1 amd64 1:2.5.1-1.5 [24.2 kB]
Get:3 http://archive.ubuntu.com/ubuntu xenial/main amd64 libmnl0 amd64 1.0.3-5 [12.0 kB]
Get:4 http://archive.ubuntu.com/ubuntu xenial/main amd64 libpopt0 amd64 1.16-10 [26.0 kB]
Get:5 http://archive.ubuntu.com/ubuntu xenial/main amd64 libgdbm3 amd64 1.8.3-13.1 [16.9 kB]
Get:6 http://archive.ubuntu.com/ubuntu xenial-updates/main amd64 perl-modules-5.22 all 5.22.1-9ubuntu0.2 [2661 kB]
Get:7 http://archive.ubuntu.com/ubuntu xenial-updates/main amd64 libperl5.22 amd64 5.22.1-9ubuntu0.2 [3391 kB]
Get:8 http://archive.ubuntu.com/ubuntu xenial-updates/main amd64 perl amd64 5.22.1-9ubuntu0.2 [237 kB]
Get:9 http://archive.ubuntu.com/ubuntu xenial-updates/main amd64 iproute2 amd64 4.3.0-1ubuntu3.16.04.2 [522 kB]
Get:10 http://archive.ubuntu.com/ubuntu xenial-updates/main amd64 ifupdown amd64 0.8.10ubuntu1.2 [54.9 kB]
Get:11 http://archive.ubuntu.com/ubuntu xenial-updates/main amd64 libisc-export160 amd64 1:9.10.3.dfsg.P4-8ubuntu1.9 [153 kB]
Get:12 http://archive.ubuntu.com/ubuntu xenial-updates/main amd64 libdns-export162 amd64 1:9.10.3.dfsg.P4-8ubuntu1.9 [666 kB]
Get:13 http://archive.ubuntu.com/ubuntu xenial-updates/main amd64 isc-dhcp-client amd64 4.3.3-5ubuntu12.7 [223 kB]
Get:14 http://archive.ubuntu.com/ubuntu xenial-updates/main amd64 isc-dhcp-common amd64 4.3.3-5ubuntu12.7 [105 kB]
Get:15 http://archive.ubuntu.com/ubuntu xenial-updates/main amd64 less amd64 481-2.1ubuntu0.2 [110 kB]
Get:16 http://archive.ubuntu.com/ubuntu xenial/main amd64 libgmp10 amd64 2:6.1.0+dfsg-2 [240 kB]
Get:17 http://archive.ubuntu.com/ubuntu xenial-updates/main amd64 libnettle6 amd64 3.2-1ubuntu0.16.04.1 [93.5 kB]
Get:18 http://archive.ubuntu.com/ubuntu xenial-updates/main amd64 libhogweed4 amd64 3.2-1ubuntu0.16.04.1 [136 kB]
Get:19 http://archive.ubuntu.com/ubuntu xenial-updates/main amd64 libp11-kit0 amd64 0.23.2-5~ubuntu16.04.1 [105 kB]
Get:20 http://archive.ubuntu.com/ubuntu xenial-updates/main amd64 libtasn1-6 amd64 4.7-3ubuntu0.16.04.2 [43.3 kB]
Get:21 http://archive.ubuntu.com/ubuntu xenial-updates/main amd64 libgnutls30 amd64 3.4.10-4ubuntu1.4 [548 kB]
Get:22 http://archive.ubuntu.com/ubuntu xenial/main amd64 libxtables11 amd64 1.6.0-2ubuntu3 [27.2 kB]
Get:23 http://archive.ubuntu.com/ubuntu xenial/main amd64 netbase all 5.3 [12.9 kB]
Get:24 http://archive.ubuntu.com/ubuntu xenial-updates/main amd64 libroken18-heimdal amd64 1.7~git20150920+dfsg-4ubuntu1.16.04.1 [41.4 kB]
Get:25 http://archive.ubuntu.com/ubuntu xenial-updates/main amd64 libasn1-8-heimdal amd64 1.7~git20150920+dfsg-4ubuntu1.16.04.1 [174 kB]
Get:26 http://archive.ubuntu.com/ubuntu xenial-updates/main amd64 libhcrypto4-heimdal amd64 1.7~git20150920+dfsg-4ubuntu1.16.04.1 [85.0 kB]
Get:27 http://archive.ubuntu.com/ubuntu xenial-updates/main amd64 libheimbase1-heimdal amd64 1.7~git20150920+dfsg-4ubuntu1.16.04.1 [29.3 kB]
Get:28 http://archive.ubuntu.com/ubuntu xenial-updates/main amd64 libwind0-heimdal amd64 1.7~git20150920+dfsg-4ubuntu1.16.04.1 [47.8 kB]
Get:29 http://archive.ubuntu.com/ubuntu xenial-updates/main amd64 libhx509-5-heimdal amd64 1.7~git20150920+dfsg-4ubuntu1.16.04.1 [107 kB]
Get:30 http://archive.ubuntu.com/ubuntu xenial-updates/main amd64 libkrb5-26-heimdal amd64 1.7~git20150920+dfsg-4ubuntu1.16.04.1 [202 kB]
Get:31 http://archive.ubuntu.com/ubuntu xenial-updates/main amd64 libheimntlm0-heimdal amd64 1.7~git20150920+dfsg-4ubuntu1.16.04.1 [15.1 kB]
Get:32 http://archive.ubuntu.com/ubuntu xenial-updates/main amd64 libgssapi3-heimdal amd64 1.7~git20150920+dfsg-4ubuntu1.16.04.1 [96.1 kB]
Get:33 http://archive.ubuntu.com/ubuntu xenial/main amd64 libsasl2-modules-db amd64 2.1.26.dfsg1-14build1 [14.5 kB]
Get:34 http://archive.ubuntu.com/ubuntu xenial/main amd64 libsasl2-2 amd64 2.1.26.dfsg1-14build1 [48.7 kB]
Get:35 http://archive.ubuntu.com/ubuntu xenial-updates/main amd64 libldap-2.4-2 amd64 2.4.42+dfsg-2ubuntu3.2 [160 kB]
Get:36 http://archive.ubuntu.com/ubuntu xenial-updates/main amd64 librtmp1 amd64 2.4+20151223.gitfa8646d-1ubuntu0.1 [54.4 kB]
Get:37 http://archive.ubuntu.com/ubuntu xenial-updates/main amd64 libcurl3-gnutls amd64 7.47.0-1ubuntu2.5 [184 kB]
Get:38 http://archive.ubuntu.com/ubuntu xenial/main amd64 libsasl2-modules amd64 2.1.26.dfsg1-14build1 [47.5 kB]
Get:39 http://archive.ubuntu.com/ubuntu xenial-updates/main amd64 rsync amd64 3.1.1-3ubuntu1.1 [329 kB]
Get:40 http://archive.ubuntu.com/ubuntu xenial-updates/main amd64 curl amd64 7.47.0-1ubuntu2.5 [138 kB]
Get:41 http://archive.ubuntu.com/ubuntu xenial/main amd64 liberror-perl all 0.17-1.2 [19.6 kB]
Get:42 http://archive.ubuntu.com/ubuntu xenial-updates/main amd64 git-man all 1:2.7.4-0ubuntu1.3 [736 kB]
Get:43 http://archive.ubuntu.com/ubuntu xenial-updates/main amd64 git amd64 1:2.7.4-0ubuntu1.3 [3102 kB]
Get:44 http://archive.ubuntu.com/ubuntu xenial/main amd64 patch amd64 2.7.5-1 [90.4 kB]
Get:45 http://archive.ubuntu.com/ubuntu xenial/main amd64 rename all 0.20-4 [12.0 kB]
Get:46 http://archive.ubuntu.com/ubuntu xenial/universe amd64 sshpass amd64 1.05-1 [10.5 kB]
debconf: delaying package configuration, since apt-utils is not installed
Fetched 16.4 MB in 12s (1268 kB/s)
(Reading database ... (Reading database ... 5%(Reading database ... 10%(Reading database ... 15%(Reading database ... 20%(Reading database ... 25%(Reading database ... 30%(Reading database ... 35%(Reading database ... 40%(Reading database ... 45%(Reading database ... 50%(Reading database ... 55%(Reading database ... 60%(Reading database ... 65%(Reading database ... 70%(Reading database ... 75%(Reading database ... 80%(Reading database ... 85%(Reading database ... 90%(Reading database ... 95%(Reading database ... 100%(Reading database ... 9540 files and directories currently installed.)
Preparing to unpack .../perl-base_5.22.1-9ubuntu0.2_amd64.deb ...
Unpacking perl-base (5.22.1-9ubuntu0.2) over (5.22.1-9) ...
Setting up perl-base (5.22.1-9ubuntu0.2) ...
Selecting previously unselected package libatm1:amd64.
(Reading database ... (Reading database ... 5%(Reading database ... 10%(Reading database ... 15%(Reading database ... 20%(Reading database ... 25%(Reading database ... 30%(Reading database ... 35%(Reading database ... 40%(Reading database ... 45%(Reading database ... 50%(Reading database ... 55%(Reading database ... 60%(Reading database ... 65%(Reading database ... 70%(Reading database ... 75%(Reading database ... 80%(Reading database ... 85%(Reading database ... 90%(Reading database ... 95%(Reading database ... 100%(Reading database ... 9540 files and directories currently installed.)
Preparing to unpack .../libatm1_1%3a2.5.1-1.5_amd64.deb ...
Unpacking libatm1:amd64 (1:2.5.1-1.5) ...
Selecting previously unselected package libmnl0:amd64.
Preparing to unpack .../libmnl0_1.0.3-5_amd64.deb ...
Unpacking libmnl0:amd64 (1.0.3-5) ...
Selecting previously unselected package libpopt0:amd64.
Preparing to unpack .../libpopt0_1.16-10_amd64.deb ...
Unpacking libpopt0:amd64 (1.16-10) ...
Selecting previously unselected package libgdbm3:amd64.
Preparing to unpack .../libgdbm3_1.8.3-13.1_amd64.deb ...
Unpacking libgdbm3:amd64 (1.8.3-13.1) ...
Selecting previously unselected package perl-modules-5.22.
Preparing to unpack .../perl-modules-5.22_5.22.1-9ubuntu0.2_all.deb ...
Unpacking perl-modules-5.22 (5.22.1-9ubuntu0.2) ...
Selecting previously unselected package libperl5.22:amd64.
Preparing to unpack .../libperl5.22_5.22.1-9ubuntu0.2_amd64.deb ...
Unpacking libperl5.22:amd64 (5.22.1-9ubuntu0.2) ...
Selecting previously unselected package perl.
Preparing to unpack .../perl_5.22.1-9ubuntu0.2_amd64.deb ...
Unpacking perl (5.22.1-9ubuntu0.2) ...
Selecting previously unselected package iproute2.
Preparing to unpack .../iproute2_4.3.0-1ubuntu3.16.04.2_amd64.deb ...
Unpacking iproute2 (4.3.0-1ubuntu3.16.04.2) ...
Selecting previously unselected package ifupdown.
Preparing to unpack .../ifupdown_0.8.10ubuntu1.2_amd64.deb ...
Unpacking ifupdown (0.8.10ubuntu1.2) ...
Selecting previously unselected package libisc-export160.
Preparing to unpack .../libisc-export160_1%3a9.10.3.dfsg.P4-8ubuntu1.9_amd64.deb ...
Unpacking libisc-export160 (1:9.10.3.dfsg.P4-8ubuntu1.9) ...
Selecting previously unselected package libdns-export162.
Preparing to unpack .../libdns-export162_1%3a9.10.3.dfsg.P4-8ubuntu1.9_amd64.deb ...
Unpacking libdns-export162 (1:9.10.3.dfsg.P4-8ubuntu1.9) ...
Selecting previously unselected package isc-dhcp-client.
Preparing to unpack .../isc-dhcp-client_4.3.3-5ubuntu12.7_amd64.deb ...
Unpacking isc-dhcp-client (4.3.3-5ubuntu12.7) ...
Selecting previously unselected package isc-dhcp-common.
Preparing to unpack .../isc-dhcp-common_4.3.3-5ubuntu12.7_amd64.deb ...
Unpacking isc-dhcp-common (4.3.3-5ubuntu12.7) ...
Selecting previously unselected package less.
Preparing to unpack .../less_481-2.1ubuntu0.2_amd64.deb ...
Unpacking less (481-2.1ubuntu0.2) ...
Selecting previously unselected package libgmp10:amd64.
Preparing to unpack .../libgmp10_2%3a6.1.0+dfsg-2_amd64.deb ...
Unpacking libgmp10:amd64 (2:6.1.0+dfsg-2) ...
Selecting previously unselected package libnettle6:amd64.
Preparing to unpack .../libnettle6_3.2-1ubuntu0.16.04.1_amd64.deb ...
Unpacking libnettle6:amd64 (3.2-1ubuntu0.16.04.1) ...
Selecting previously unselected package libhogweed4:amd64.
Preparing to unpack .../libhogweed4_3.2-1ubuntu0.16.04.1_amd64.deb ...
Unpacking libhogweed4:amd64 (3.2-1ubuntu0.16.04.1) ...
Selecting previously unselected package libp11-kit0:amd64.
Preparing to unpack .../libp11-kit0_0.23.2-5~ubuntu16.04.1_amd64.deb ...
Unpacking libp11-kit0:amd64 (0.23.2-5~ubuntu16.04.1) ...
Selecting previously unselected package libtasn1-6:amd64.
Preparing to unpack .../libtasn1-6_4.7-3ubuntu0.16.04.2_amd64.deb ...
Unpacking libtasn1-6:amd64 (4.7-3ubuntu0.16.04.2) ...
Selecting previously unselected package libgnutls30:amd64.
Preparing to unpack .../libgnutls30_3.4.10-4ubuntu1.4_amd64.deb ...
Unpacking libgnutls30:amd64 (3.4.10-4ubuntu1.4) ...
Selecting previously unselected package libxtables11:amd64.
Preparing to unpack .../libxtables11_1.6.0-2ubuntu3_amd64.deb ...
Unpacking libxtables11:amd64 (1.6.0-2ubuntu3) ...
Selecting previously unselected package netbase.
Preparing to unpack .../archives/netbase_5.3_all.deb ...
Unpacking netbase (5.3) ...
Selecting previously unselected package libroken18-heimdal:amd64.
Preparing to unpack .../libroken18-heimdal_1.7~git20150920+dfsg-4ubuntu1.16.04.1_amd64.deb ...
Unpacking libroken18-heimdal:amd64 (1.7~git20150920+dfsg-4ubuntu1.16.04.1) ...
Selecting previously unselected package libasn1-8-heimdal:amd64.
Preparing to unpack .../libasn1-8-heimdal_1.7~git20150920+dfsg-4ubuntu1.16.04.1_amd64.deb ...
Unpacking libasn1-8-heimdal:amd64 (1.7~git20150920+dfsg-4ubuntu1.16.04.1) ...
Selecting previously unselected package libhcrypto4-heimdal:amd64.
Preparing to unpack .../libhcrypto4-heimdal_1.7~git20150920+dfsg-4ubuntu1.16.04.1_amd64.deb ...
Unpacking libhcrypto4-heimdal:amd64 (1.7~git20150920+dfsg-4ubuntu1.16.04.1) ...
Selecting previously unselected package libheimbase1-heimdal:amd64.
Preparing to unpack .../libheimbase1-heimdal_1.7~git20150920+dfsg-4ubuntu1.16.04.1_amd64.deb ...
Unpacking libheimbase1-heimdal:amd64 (1.7~git20150920+dfsg-4ubuntu1.16.04.1) ...
Selecting previously unselected package libwind0-heimdal:amd64.
Preparing to unpack .../libwind0-heimdal_1.7~git20150920+dfsg-4ubuntu1.16.04.1_amd64.deb ...
Unpacking libwind0-heimdal:amd64 (1.7~git20150920+dfsg-4ubuntu1.16.04.1) ...
Selecting previously unselected package libhx509-5-heimdal:amd64.
Preparing to unpack .../libhx509-5-heimdal_1.7~git20150920+dfsg-4ubuntu1.16.04.1_amd64.deb ...
Unpacking libhx509-5-heimdal:amd64 (1.7~git20150920+dfsg-4ubuntu1.16.04.1) ...
Selecting previously unselected package libkrb5-26-heimdal:amd64.
Preparing to unpack .../libkrb5-26-heimdal_1.7~git20150920+dfsg-4ubuntu1.16.04.1_amd64.deb ...
Unpacking libkrb5-26-heimdal:amd64 (1.7~git20150920+dfsg-4ubuntu1.16.04.1) ...
Selecting previously unselected package libheimntlm0-heimdal:amd64.
Preparing to unpack .../libheimntlm0-heimdal_1.7~git20150920+dfsg-4ubuntu1.16.04.1_amd64.deb ...
Unpacking libheimntlm0-heimdal:amd64 (1.7~git20150920+dfsg-4ubuntu1.16.04.1) ...
Selecting previously unselected package libgssapi3-heimdal:amd64.
Preparing to unpack .../libgssapi3-heimdal_1.7~git20150920+dfsg-4ubuntu1.16.04.1_amd64.deb ...
Unpacking libgssapi3-heimdal:amd64 (1.7~git20150920+dfsg-4ubuntu1.16.04.1) ...
Selecting previously unselected package libsasl2-modules-db:amd64.
Preparing to unpack .../libsasl2-modules-db_2.1.26.dfsg1-14build1_amd64.deb ...
Unpacking libsasl2-modules-db:amd64 (2.1.26.dfsg1-14build1) ...
Selecting previously unselected package libsasl2-2:amd64.
Preparing to unpack .../libsasl2-2_2.1.26.dfsg1-14build1_amd64.deb ...
Unpacking libsasl2-2:amd64 (2.1.26.dfsg1-14build1) ...
Selecting previously unselected package libldap-2.4-2:amd64.
Preparing to unpack .../libldap-2.4-2_2.4.42+dfsg-2ubuntu3.2_amd64.deb ...
Unpacking libldap-2.4-2:amd64 (2.4.42+dfsg-2ubuntu3.2) ...
Selecting previously unselected package librtmp1:amd64.
Preparing to unpack .../librtmp1_2.4+20151223.gitfa8646d-1ubuntu0.1_amd64.deb ...
Unpacking librtmp1:amd64 (2.4+20151223.gitfa8646d-1ubuntu0.1) ...
Selecting previously unselected package libcurl3-gnutls:amd64.
Preparing to unpack .../libcurl3-gnutls_7.47.0-1ubuntu2.5_amd64.deb ...
Unpacking libcurl3-gnutls:amd64 (7.47.0-1ubuntu2.5) ...
Selecting previously unselected package libsasl2-modules:amd64.
Preparing to unpack .../libsasl2-modules_2.1.26.dfsg1-14build1_amd64.deb ...
Unpacking libsasl2-modules:amd64 (2.1.26.dfsg1-14build1) ...
Selecting previously unselected package rsync.
Preparing to unpack .../rsync_3.1.1-3ubuntu1.1_amd64.deb ...
Unpacking rsync (3.1.1-3ubuntu1.1) ...
Selecting previously unselected package curl.
Preparing to unpack .../curl_7.47.0-1ubuntu2.5_amd64.deb ...
Unpacking curl (7.47.0-1ubuntu2.5) ...
Selecting previously unselected package liberror-perl.
Preparing to unpack .../liberror-perl_0.17-1.2_all.deb ...
Unpacking liberror-perl (0.17-1.2) ...
Selecting previously unselected package git-man.
Preparing to unpack .../git-man_1%3a2.7.4-0ubuntu1.3_all.deb ...
Unpacking git-man (1:2.7.4-0ubuntu1.3) ...
Selecting previously unselected package git.
Preparing to unpack .../git_1%3a2.7.4-0ubuntu1.3_amd64.deb ...
Unpacking git (1:2.7.4-0ubuntu1.3) ...
Selecting previously unselected package patch.
Preparing to unpack .../patch_2.7.5-1_amd64.deb ...
Unpacking patch (2.7.5-1) ...
Selecting previously unselected package rename.
Preparing to unpack .../archives/rename_0.20-4_all.deb ...
Unpacking rename (0.20-4) ...
Selecting previously unselected package sshpass.
Preparing to unpack .../sshpass_1.05-1_amd64.deb ...
Unpacking sshpass (1.05-1) ...
Processing triggers for systemd (229-4ubuntu16) ...
Processing triggers for libc-bin (2.23-0ubuntu7) ...
Processing triggers for mime-support (3.59ubuntu1) ...
Setting up libatm1:amd64 (1:2.5.1-1.5) ...
Setting up libmnl0:amd64 (1.0.3-5) ...
Setting up libpopt0:amd64 (1.16-10) ...
Setting up libgdbm3:amd64 (1.8.3-13.1) ...
Setting up perl-modules-5.22 (5.22.1-9ubuntu0.2) ...
Setting up libperl5.22:amd64 (5.22.1-9ubuntu0.2) ...
Setting up perl (5.22.1-9ubuntu0.2) ...
update-alternatives: using /usr/bin/prename to provide /usr/bin/rename (rename) in auto mode
Setting up iproute2 (4.3.0-1ubuntu3.16.04.2) ...
Setting up ifupdown (0.8.10ubuntu1.2) ...
Creating /etc/network/interfaces.
Setting up libisc-export160 (1:9.10.3.dfsg.P4-8ubuntu1.9) ...
Setting up libdns-export162 (1:9.10.3.dfsg.P4-8ubuntu1.9) ...
Setting up isc-dhcp-client (4.3.3-5ubuntu12.7) ...
Setting up isc-dhcp-common (4.3.3-5ubuntu12.7) ...
Setting up less (481-2.1ubuntu0.2) ...
debconf: unable to initialize frontend: Dialog
debconf: (No usable dialog-like program is installed, so the dialog based frontend cannot be used. at /usr/share/perl5/Debconf/FrontEnd/Dialog.pm line 76.)
debconf: falling back to frontend: Readline
Setting up libgmp10:amd64 (2:6.1.0+dfsg-2) ...
Setting up libnettle6:amd64 (3.2-1ubuntu0.16.04.1) ...
Setting up libhogweed4:amd64 (3.2-1ubuntu0.16.04.1) ...
Setting up libp11-kit0:amd64 (0.23.2-5~ubuntu16.04.1) ...
Setting up libtasn1-6:amd64 (4.7-3ubuntu0.16.04.2) ...
Setting up libgnutls30:amd64 (3.4.10-4ubuntu1.4) ...
Setting up libxtables11:amd64 (1.6.0-2ubuntu3) ...
Setting up netbase (5.3) ...
Setting up libroken18-heimdal:amd64 (1.7~git20150920+dfsg-4ubuntu1.16.04.1) ...
Setting up libasn1-8-heimdal:amd64 (1.7~git20150920+dfsg-4ubuntu1.16.04.1) ...
Setting up libhcrypto4-heimdal:amd64 (1.7~git20150920+dfsg-4ubuntu1.16.04.1) ...
Setting up libheimbase1-heimdal:amd64 (1.7~git20150920+dfsg-4ubuntu1.16.04.1) ...
Setting up libwind0-heimdal:amd64 (1.7~git20150920+dfsg-4ubuntu1.16.04.1) ...
Setting up libhx509-5-heimdal:amd64 (1.7~git20150920+dfsg-4ubuntu1.16.04.1) ...
Setting up libkrb5-26-heimdal:amd64 (1.7~git20150920+dfsg-4ubuntu1.16.04.1) ...
Setting up libheimntlm0-heimdal:amd64 (1.7~git20150920+dfsg-4ubuntu1.16.04.1) ...
Setting up libgssapi3-heimdal:amd64 (1.7~git20150920+dfsg-4ubuntu1.16.04.1) ...
Setting up libsasl2-modules-db:amd64 (2.1.26.dfsg1-14build1) ...
Setting up libsasl2-2:amd64 (2.1.26.dfsg1-14build1) ...
Setting up libldap-2.4-2:amd64 (2.4.42+dfsg-2ubuntu3.2) ...
Setting up librtmp1:amd64 (2.4+20151223.gitfa8646d-1ubuntu0.1) ...
Setting up libcurl3-gnutls:amd64 (7.47.0-1ubuntu2.5) ...
Setting up libsasl2-modules:amd64 (2.1.26.dfsg1-14build1) ...
Setting up rsync (3.1.1-3ubuntu1.1) ...
invoke-rc.d: could not determine current runlevel
invoke-rc.d: policy-rc.d denied execution of restart.
Setting up curl (7.47.0-1ubuntu2.5) ...
Setting up liberror-perl (0.17-1.2) ...
Setting up git-man (1:2.7.4-0ubuntu1.3) ...
Setting up git (1:2.7.4-0ubuntu1.3) ...
Setting up patch (2.7.5-1) ...
Setting up rename (0.20-4) ...
update-alternatives: using /usr/bin/file-rename to provide /usr/bin/rename (rename) in auto mode
Setting up sshpass (1.05-1) ...
Processing triggers for libc-bin (2.23-0ubuntu7) ...
Processing triggers for systemd (229-4ubuntu16) ...
Cloning into 'snappy-qa-jobs'...
Already on 'master'
Your branch is up-to-date with 'origin/master'.
Cloning into 'snapd'...
Already on 'master'
Your branch is up-to-date with 'origin/master'.
++ INSTANCE_IP=10.101.51.15
++ INSTANCE_PORT=22
++ USER=ubuntu
++ execute_remote 'sudo adduser --extrausers --quiet --disabled-password --gecos '\'''\'' test'
++ ssh -q -o UserKnownHostsFile=/dev/null -o StrictHostKeyChecking=no -p 22 ubuntu@10.101.51.15 'sudo adduser --extrausers --quiet --disabled-password --gecos '\'''\'' test'
ENTER EXTRAUSERS_GROUP_FILEEXIT EXTRAUSERS_GROUP_FILEENTER EXTRAUSERS_SHADOWGROUP_FILEEXIT EXTRAUSERS_SHADOWGROUP_FILE++ execute_remote 'echo test:ubuntu | sudo chpasswd'
++ ssh -q -o UserKnownHostsFile=/dev/null -o StrictHostKeyChecking=no -p 22 ubuntu@10.101.51.15 'echo test:ubuntu | sudo chpasswd'
++ execute_remote 'echo '\''test ALL=(ALL) NOPASSWD:ALL'\'' | sudo tee /etc/sudoers.d/create-user-test'
++ ssh -q -o UserKnownHostsFile=/dev/null -o StrictHostKeyChecking=no -p 22 ubuntu@10.101.51.15 'echo '\''test ALL=(ALL) NOPASSWD:ALL'\'' | sudo tee /etc/sudoers.d/create-user-test'
test ALL=(ALL) NOPASSWD:ALL
+ . snappy-qa-jobs/scripts/utils/register_device.sh 10.101.51.15 22 test ubuntu sergiocazzolato@yahoo.com.ar
++ echo 'Register device'
Register device
++ '[' 5 -ne 5 ']'
++ DEVICE_IP=10.101.51.15
++ DEVICE_PORT=22
++ USER=test
++ PASS=ubuntu
++ EMAIL=sergiocazzolato@yahoo.com.ar
++ SCRIPT='sudo snap install jq;         sudo cp /var/lib/snapd/state.json /var/lib/snapd/state.json.bak;         sudo cat /var/lib/snapd/state.json.bak | jq -r '\''.data.auth.users=[]'\'' | sudo tee /var/lib/snapd/state.json > /dev/null;         sudo systemctl stop snapd.service snapd.socket;         sudo systemctl start snapd.service snapd.socket;         sudo snap create-user sergiocazzolato@yahoo.com.ar;         sudo snap remove jq'
++ '[' -z sergiocazzolato@yahoo.com.ar ']'
++ '[' -z ubuntu ']'
++ echo 'Registering device (with pass): sudo snap install jq;         sudo cp /var/lib/snapd/state.json /var/lib/snapd/state.json.bak;         sudo cat /var/lib/snapd/state.json.bak | jq -r '\''.data.auth.users=[]'\'' | sudo tee /var/lib/snapd/state.json > /dev/null;         sudo systemctl stop snapd.service snapd.socket;         sudo systemctl start snapd.service snapd.socket;         sudo snap create-user sergiocazzolato@yahoo.com.ar;         sudo snap remove jq'
Registering device (with pass): sudo snap install jq;         sudo cp /var/lib/snapd/state.json /var/lib/snapd/state.json.bak;         sudo cat /var/lib/snapd/state.json.bak | jq -r '.data.auth.users=[]' | sudo tee /var/lib/snapd/state.json > /dev/null;         sudo systemctl stop snapd.service snapd.socket;         sudo systemctl start snapd.service snapd.socket;         sudo snap create-user sergiocazzolato@yahoo.com.ar;         sudo snap remove jq
++ sshpass -p ubuntu ssh -o UserKnownHostsFile=/dev/null -o StrictHostKeyChecking=no -p 22 test@10.101.51.15 'sudo snap install jq;         sudo cp /var/lib/snapd/state.json /var/lib/snapd/state.json.bak;         sudo cat /var/lib/snapd/state.json.bak | jq -r '\''.data.auth.users=[]'\'' | sudo tee /var/lib/snapd/state.json > /dev/null;         sudo systemctl stop snapd.service snapd.socket;         sudo systemctl start snapd.service snapd.socket;         sudo snap create-user sergiocazzolato@yahoo.com.ar;         sudo snap remove jq'
Warning: Permanently added '10.101.51.15' (ECDSA) to the list of known hosts.
jq 1.5+dfsg-1 from 'canonical' installed
created user "snappytestaccount1"
jq removed
+ . snappy-qa-jobs/scripts/utils/refresh_core.sh 10.101.51.15 22 test ubuntu beta edge
++ echo 'Refresh core on device'
Refresh core on device
++ '[' 6 -ne 6 ']'
++ DEVICE_IP=10.101.51.15
++ DEVICE_PORT=22
++ USER=test
++ PASS=ubuntu
++ CHANNEL=beta
++ CORE_CHANNEL=edge
++ execute_remote 'snap changes'
++ '[' -z ubuntu ']'
++ sshpass -p ubuntu ssh -p 22 -q -o ConnectTimeout=10 -o UserKnownHostsFile=/dev/null -o StrictHostKeyChecking=no test@10.101.51.15 'snap changes'
++ grep -q -E 'Doing.*Auto-refresh snap "core"'
++ '[' -z edge ']'
++ '[' beta = edge ']'
++ execute_remote 'sudo snap refresh --edge core'
++ '[' -z ubuntu ']'
++ sshpass -p ubuntu ssh -p 22 -q -o ConnectTimeout=10 -o UserKnownHostsFile=/dev/null -o StrictHostKeyChecking=no test@10.101.51.15 'sudo snap refresh --edge core'
2017-12-13T05:51:06Z INFO Waiting for restart...
2017-12-13T05:56:06Z INFO Waiting for restart...
2017-12-13T05:56:09Z INFO Waiting for restart...
2017-12-13T05:56:24Z INFO Waiting for restart...
Connection to 10.101.51.15 closed by remote host.
++ true
++ wait_for_ssh 120 2
++ retries=120
++ sleep=2
++ execute_remote true
++ '[' -z ubuntu ']'
++ sshpass -p ubuntu ssh -p 22 -q -o ConnectTimeout=10 -o UserKnownHostsFile=/dev/null -o StrictHostKeyChecking=no test@10.101.51.15 true
Connection to 10.101.51.15 closed by remote host.
++ retries=119
++ '[' 119 -le 0 ']'
++ sleep 2
++ execute_remote true
++ '[' -z ubuntu ']'
++ sshpass -p ubuntu ssh -p 22 -q -o ConnectTimeout=10 -o UserKnownHostsFile=/dev/null -o StrictHostKeyChecking=no test@10.101.51.15 true
++ retries=118
++ '[' 118 -le 0 ']'
++ sleep 2
++ execute_remote true
++ '[' -z ubuntu ']'
++ sshpass -p ubuntu ssh -p 22 -q -o ConnectTimeout=10 -o UserKnownHostsFile=/dev/null -o StrictHostKeyChecking=no test@10.101.51.15 true
++ retries=117
++ '[' 117 -le 0 ']'
++ sleep 2
++ execute_remote true
++ '[' -z ubuntu ']'
++ sshpass -p ubuntu ssh -p 22 -q -o ConnectTimeout=10 -o UserKnownHostsFile=/dev/null -o StrictHostKeyChecking=no test@10.101.51.15 true
++ retries=116
++ '[' 116 -le 0 ']'
++ sleep 2
++ execute_remote true
++ '[' -z ubuntu ']'
++ sshpass -p ubuntu ssh -p 22 -q -o ConnectTimeout=10 -o UserKnownHostsFile=/dev/null -o StrictHostKeyChecking=no test@10.101.51.15 true
++ retries=115
++ '[' 115 -le 0 ']'
++ sleep 2
++ execute_remote true
++ '[' -z ubuntu ']'
++ sshpass -p ubuntu ssh -p 22 -q -o ConnectTimeout=10 -o UserKnownHostsFile=/dev/null -o StrictHostKeyChecking=no test@10.101.51.15 true
++ retries=114
++ '[' 114 -le 0 ']'
++ sleep 2
++ execute_remote true
++ '[' -z ubuntu ']'
++ sshpass -p ubuntu ssh -p 22 -q -o ConnectTimeout=10 -o UserKnownHostsFile=/dev/null -o StrictHostKeyChecking=no test@10.101.51.15 true
++ retries=113
++ '[' 113 -le 0 ']'
++ sleep 2
++ execute_remote true
++ '[' -z ubuntu ']'
++ sshpass -p ubuntu ssh -p 22 -q -o ConnectTimeout=10 -o UserKnownHostsFile=/dev/null -o StrictHostKeyChecking=no test@10.101.51.15 true
++ retries=112
++ '[' 112 -le 0 ']'
++ sleep 2
++ execute_remote true
++ '[' -z ubuntu ']'
++ sshpass -p ubuntu ssh -p 22 -q -o ConnectTimeout=10 -o UserKnownHostsFile=/dev/null -o StrictHostKeyChecking=no test@10.101.51.15 true
++ retries=111
++ '[' 111 -le 0 ']'
++ sleep 2
++ execute_remote true
++ '[' -z ubuntu ']'
++ sshpass -p ubuntu ssh -p 22 -q -o ConnectTimeout=10 -o UserKnownHostsFile=/dev/null -o StrictHostKeyChecking=no test@10.101.51.15 true
++ retries=110
++ '[' 110 -le 0 ']'
++ sleep 2
++ execute_remote true
++ '[' -z ubuntu ']'
++ sshpass -p ubuntu ssh -p 22 -q -o ConnectTimeout=10 -o UserKnownHostsFile=/dev/null -o StrictHostKeyChecking=no test@10.101.51.15 true
++ retry_until 'snap changes' 'Done.*Refresh "core" snap from "edge" channel' 120 2
++ command='snap changes'
++ output='Done.*Refresh "core" snap from "edge" channel'
++ retries=120
++ sleep=2
++ execute_remote 'snap changes'
++ grep -q -E 'Done.*Refresh "core" snap from "edge" channel'
++ '[' -z ubuntu ']'
++ sshpass -p ubuntu ssh -p 22 -q -o ConnectTimeout=10 -o UserKnownHostsFile=/dev/null -o StrictHostKeyChecking=no test@10.101.51.15 'snap changes'
++ execute_remote 'snap info core'
++ '[' -z ubuntu ']'
++ sshpass -p ubuntu ssh -p 22 -q -o ConnectTimeout=10 -o UserKnownHostsFile=/dev/null -o StrictHostKeyChecking=no test@10.101.51.15 'snap info core'
++ grep -q -E 'tracking: +edge'
+ . snappy-qa-jobs/scripts/utils/run_setup.sh 10.101.51.15 22 test ubuntu ''
++ echo 'Running setup command'
Running setup command
++ '[' 5 -ne 5 ']'
++ DEVICE_IP=10.101.51.15
++ DEVICE_PORT=22
++ USER=test
++ PASS=ubuntu
++ SETUP=
++ '[' -z '' ']'
++ echo 'No setup command to run'
No setup command to run
+ . snappy-qa-jobs/scripts/utils/get_spread.sh
++ echo 'Getting spread'
Getting spread
+++ pwd
++ export WORKSPACE=/home/ubuntu
++ WORKSPACE=/home/ubuntu
++ export SPREAD_DIR=/home/ubuntu/spread
++ SPREAD_DIR=/home/ubuntu/spread
++ export PATH=/home/ubuntu/spread:/srv/testflinger-agent/dragonboard005/env/bin:/usr/local/sbin:/usr/local/bin:/usr/sbin:/usr/bin:/sbin:/bin
++ PATH=/home/ubuntu/spread:/srv/testflinger-agent/dragonboard005/env/bin:/usr/local/sbin:/usr/local/bin:/usr/sbin:/usr/bin:/sbin:/bin
++ '[' -f /home/ubuntu/spread/spread ']'
++ mkdir -p /home/ubuntu/spread
++ cd /home/ubuntu/spread
++ curl -s -O https://niemeyer.s3.amazonaws.com/spread-amd64.tar.gz
++ tar xzvf spread-amd64.tar.gz
spread
++ echo 'Spread downloaded and ready to use'
Spread downloaded and ready to use
+ . snappy-qa-jobs/scripts/utils/run_spread.sh 10.101.51.15 22 snapd external:ubuntu-core-16-arm-64:tests/ '' tests/main/auto-refresh,tests/main/failover,tests/main/ubuntu-core-services
++ echo 'Running spread'
Running spread
++ '[' 6 -ne 6 ']'
++ export WORKSPACE=/home/ubuntu
++ WORKSPACE=/home/ubuntu
++ DEVICE_IP=10.101.51.15
++ DEVICE_PORT=22
++ PROJECT_PATH=snapd
++ SPREAD_TESTS=external:ubuntu-core-16-arm-64:tests/
++ SPREAD_ENV=
++ SKIP_TESTS=tests/main/auto-refresh,tests/main/failover,tests/main/ubuntu-core-services
++ '[' -z external:ubuntu-core-16-arm-64:tests/ ']'
++ '[' '!' -z '' ']'
++ export SPREAD_EXTERNAL_ADDRESS=10.101.51.15:22
++ SPREAD_EXTERNAL_ADDRESS=10.101.51.15:22
+++ which spread
++ [[ -n /home/ubuntu/spread/spread ]]
++ echo 'Spread found'
Spread found
++ cd snapd
++ echo 'Moving to manual all the tests to skip: tests/main/auto-refresh,tests/main/failover,tests/main/ubuntu-core-services'
Moving to manual all the tests to skip: tests/main/auto-refresh,tests/main/failover,tests/main/ubuntu-core-services
+++ echo tests/main/auto-refresh,tests/main/failover,tests/main/ubuntu-core-services
+++ tr , ' '
++ tests_skip='tests/main/auto-refresh tests/main/failover tests/main/ubuntu-core-services'
++ for test in '$tests_skip'
++ '[' -f tests/main/auto-refresh/task.yaml ']'
++ cp tests/main/auto-refresh/task.yaml tests/main/auto-refresh/task.yaml.back
++ echo 'manual: true'
++ for test in '$tests_skip'
++ '[' -f tests/main/failover/task.yaml ']'
++ cp tests/main/failover/task.yaml tests/main/failover/task.yaml.back
++ echo 'manual: true'
++ for test in '$tests_skip'
++ '[' -f tests/main/ubuntu-core-services/task.yaml ']'
++ cp tests/main/ubuntu-core-services/task.yaml tests/main/ubuntu-core-services/task.yaml.back
++ echo 'manual: true'
++ echo 'Running command: spread -v external:ubuntu-core-16-arm-64:tests/'
Running command: spread -v external:ubuntu-core-16-arm-64:tests/
++ spread -v external:ubuntu-core-16-arm-64:tests/
2017-12-13 06:01:45 Found /home/ubuntu/snapd/spread.yaml.
2017-12-13 06:01:47 Project content is packed for delivery (2.19MB).
2017-12-13 06:01:47 Sequence of jobs produced with -seed=1513144907
2017-12-13 06:01:47 Allocating external:ubuntu-core-16-arm-64...
2017-12-13 06:01:47 Waiting for external:ubuntu-core-16-arm-64 to make SSH available at 10.101.51.15:22...
2017-12-13 06:01:47 Allocated external:ubuntu-core-16-arm-64.
2017-12-13 06:01:47 If killed, discard servers with: spread -reuse-pid=850 -discard
2017-12-13 06:01:47 Connecting to external:ubuntu-core-16-arm-64...
Compression: zlib@openssh.com
Setting up inflater: zlib@openssh.com
Delaying compression.
Setting up inflater: zlib@openssh.com
Delaying compression.
Enabling compression.
2017-12-13 06:01:48 Connected to external:ubuntu-core-16-arm-64 at 10.101.51.15:22.
2017-12-13 06:01:48 Sending project content to external:ubuntu-core-16-arm-64...
2017-12-13 06:01:48 Preparing project on external:ubuntu-core-16-arm-64...
2017-12-13 06:01:49 Preparing external:ubuntu-core-16-arm-64:tests/main/...
2017-12-13 06:04:55 Preparing external:ubuntu-core-16-arm-64:tests/main/snap-service...
2017-12-13 06:07:30 Executing external:ubuntu-core-16-arm-64:tests/main/snap-service (1/162)...
2017-12-13 06:07:54 Restoring external:ubuntu-core-16-arm-64:tests/main/snap-service...
2017-12-13 06:07:54 Preparing external:ubuntu-core-16-arm-64:tests/main/interfaces-uhid...
2017-12-13 06:10:24 Executing external:ubuntu-core-16-arm-64:tests/main/interfaces-uhid (2/162)...
2017-12-13 06:10:36 Restoring external:ubuntu-core-16-arm-64:tests/main/interfaces-uhid...
2017-12-13 06:10:36 Preparing external:ubuntu-core-16-arm-64:tests/main/install-cache...
2017-12-13 06:12:43 Executing external:ubuntu-core-16-arm-64:tests/main/install-cache (3/162)...
2017-12-13 06:13:37 Restoring external:ubuntu-core-16-arm-64:tests/main/install-cache...
2017-12-13 06:13:37 Preparing external:ubuntu-core-16-arm-64:tests/main/interfaces-content...
2017-12-13 06:16:10 Executing external:ubuntu-core-16-arm-64:tests/main/interfaces-content (4/162)...
2017-12-13 06:16:18 Restoring external:ubuntu-core-16-arm-64:tests/main/interfaces-content...
2017-12-13 06:16:18 Preparing external:ubuntu-core-16-arm-64:tests/main/install-refresh-remove-hooks...
2017-12-13 06:18:28 Executing external:ubuntu-core-16-arm-64:tests/main/install-refresh-remove-hooks (5/162)...
2017-12-13 06:19:35 Restoring external:ubuntu-core-16-arm-64:tests/main/install-refresh-remove-hooks...
2017-12-13 06:19:35 Preparing external:ubuntu-core-16-arm-64:tests/main/snap-update-ns...
2017-12-13 06:22:05 Executing external:ubuntu-core-16-arm-64:tests/main/snap-update-ns (6/162)...
2017-12-13 06:22:10 Restoring external:ubuntu-core-16-arm-64:tests/main/snap-update-ns...
2017-12-13 06:22:10 Preparing external:ubuntu-core-16-arm-64:tests/main/alias...
2017-12-13 06:24:30 Executing external:ubuntu-core-16-arm-64:tests/main/alias (7/162)...
2017-12-13 06:24:39 Restoring external:ubuntu-core-16-arm-64:tests/main/alias...
2017-12-13 06:24:39 Preparing external:ubuntu-core-16-arm-64:tests/main/snap-run-hook:reexec0...
2017-12-13 06:27:02 Executing external:ubuntu-core-16-arm-64:tests/main/snap-run-hook:reexec0 (8/162)...
2017-12-13 06:27:04 Restoring external:ubuntu-core-16-arm-64:tests/main/snap-run-hook:reexec0...
2017-12-13 06:27:04 Preparing external:ubuntu-core-16-arm-64:tests/main/cmdline...
2017-12-13 06:29:26 Executing external:ubuntu-core-16-arm-64:tests/main/cmdline (9/162)...
2017-12-13 06:29:27 Restoring external:ubuntu-core-16-arm-64:tests/main/cmdline...
2017-12-13 06:29:27 Preparing external:ubuntu-core-16-arm-64:tests/main/interfaces-content-mkdir-writable:common...
2017-12-13 06:32:16 Executing external:ubuntu-core-16-arm-64:tests/main/interfaces-content-mkdir-writable:common (10/162)...
2017-12-13 06:32:27 Restoring external:ubuntu-core-16-arm-64:tests/main/interfaces-content-mkdir-writable:common...
2017-12-13 06:32:27 Preparing external:ubuntu-core-16-arm-64:tests/main/xauth-migration...
2017-12-13 06:34:47 Executing external:ubuntu-core-16-arm-64:tests/main/xauth-migration (11/162)...
2017-12-13 06:35:17 Restoring external:ubuntu-core-16-arm-64:tests/main/xauth-migration...
2017-12-13 06:35:18 Preparing external:ubuntu-core-16-arm-64:tests/main/revert-devmode:fake...
2017-12-13 06:37:28 Executing external:ubuntu-core-16-arm-64:tests/main/revert-devmode:fake (12/162)...
2017-12-13 06:37:28 Restoring external:ubuntu-core-16-arm-64:tests/main/revert-devmode:fake...
2017-12-13 06:37:28 Preparing external:ubuntu-core-16-arm-64:tests/main/revert-sideload...
2017-12-13 06:39:48 Executing external:ubuntu-core-16-arm-64:tests/main/revert-sideload (13/162)...
2017-12-13 06:40:14 Restoring external:ubuntu-core-16-arm-64:tests/main/revert-sideload...
2017-12-13 06:40:15 Preparing external:ubuntu-core-16-arm-64:tests/main/server-snap:goServer...
2017-12-13 06:42:46 Executing external:ubuntu-core-16-arm-64:tests/main/server-snap:goServer (14/162)...
2017-12-13 06:42:47 Restoring external:ubuntu-core-16-arm-64:tests/main/server-snap:goServer...
2017-12-13 06:42:48 Preparing external:ubuntu-core-16-arm-64:tests/main/try-snap-goes-away:test_snapd_tools...
2017-12-13 06:45:02 Executing external:ubuntu-core-16-arm-64:tests/main/try-snap-goes-away:test_snapd_tools (15/162)...
2017-12-13 06:45:31 Restoring external:ubuntu-core-16-arm-64:tests/main/try-snap-goes-away:test_snapd_tools...
2017-12-13 06:45:31 Preparing external:ubuntu-core-16-arm-64:tests/main/prepare-image-uboot...
2017-12-13 06:47:36 Executing external:ubuntu-core-16-arm-64:tests/main/prepare-image-uboot (16/162)...
2017-12-13 06:50:36 Restoring external:ubuntu-core-16-arm-64:tests/main/prepare-image-uboot...
2017-12-13 06:50:37 Preparing external:ubuntu-core-16-arm-64:tests/main/base-snaps...
2017-12-13 06:52:46 Executing external:ubuntu-core-16-arm-64:tests/main/base-snaps (17/162)...
2017-12-13 06:53:12 Restoring external:ubuntu-core-16-arm-64:tests/main/base-snaps...
2017-12-13 06:53:12 Preparing external:ubuntu-core-16-arm-64:tests/main/snap-switch...
2017-12-13 06:55:28 Executing external:ubuntu-core-16-arm-64:tests/main/snap-switch (18/162)...
2017-12-13 06:55:49 Restoring external:ubuntu-core-16-arm-64:tests/main/snap-switch...
2017-12-13 06:55:49 Preparing external:ubuntu-core-16-arm-64:tests/main/writable-areas:reexec1...
2017-12-13 06:58:10 Executing external:ubuntu-core-16-arm-64:tests/main/writable-areas:reexec1 (19/162)...
2017-12-13 06:58:28 Restoring external:ubuntu-core-16-arm-64:tests/main/writable-areas:reexec1...
2017-12-13 06:58:28 Preparing external:ubuntu-core-16-arm-64:tests/main/interfaces-bluez...
2017-12-13 07:00:43 Executing external:ubuntu-core-16-arm-64:tests/main/interfaces-bluez (20/162)...
2017-12-13 07:01:24 Restoring external:ubuntu-core-16-arm-64:tests/main/interfaces-bluez...
2017-12-13 07:01:24 Preparing external:ubuntu-core-16-arm-64:tests/main/install-store:reexec0...
2017-12-13 07:03:34 Executing external:ubuntu-core-16-arm-64:tests/main/install-store:reexec0 (21/162)...
2017-12-13 07:05:44 Restoring external:ubuntu-core-16-arm-64:tests/main/install-store:reexec0...
2017-12-13 07:05:44 Preparing external:ubuntu-core-16-arm-64:tests/main/op-remove-retry...
2017-12-13 07:08:03 Executing external:ubuntu-core-16-arm-64:tests/main/op-remove-retry (22/162)...
2017-12-13 07:08:27 Restoring external:ubuntu-core-16-arm-64:tests/main/op-remove-retry...
2017-12-13 07:08:27 Preparing external:ubuntu-core-16-arm-64:tests/main/interfaces-netlink-connector...
2017-12-13 07:10:46 Executing external:ubuntu-core-16-arm-64:tests/main/interfaces-netlink-connector (23/162)...
2017-12-13 07:10:49 Error executing external:ubuntu-core-16-arm-64:tests/main/interfaces-netlink-connector : 
-----
+ CONNECTED_PATTERN=':netlink-audit +test-snapd-netlink-connector'
+ DISCONNECTED_PATTERN='\- +test-snapd-netlink-connector:netlink-connector'
+ echo 'The interface is not connected by default'
The interface is not connected by default
+ snap interfaces
+ MATCH '\- +test-snapd-netlink-connector:netlink-connector'
+ echo 'When the interface is connected'
When the interface is connected
+ snap connect test-snapd-netlink-connector:netlink-connector
+ echo 'Then the snap is able to create and bind a netlink socket'
Then the snap is able to create and bind a netlink socket
+ test-snapd-netlink-connector.bind
Traceback (most recent call last):
  File "/snap/test-snapd-netlink-connector/x1/bin/bind", line 13, in <module>
    with socket.socket(socket.AF_NETLINK, socket.SOCK_DGRAM, netlink_connector_protocol) as sock:
  File "/usr/lib/python3.5/socket.py", line 134, in __init__
    _socket.socket.__init__(self, family, type, proto, fileno)
PermissionError: [Errno 13] Permission denied
-----
.
2017-12-13 07:10:49 Debug output for external:ubuntu-core-16-arm-64:tests/main/interfaces-netlink-connector : 
-----
+ '[' 1 = 1 ']'
+ echo '# journal messages for snapd'
# journal messages for snapd
+ journalctl -u snapd
-- Logs begin at Wed 2017-12-13 07:08:53 UTC, end at Wed 2017-12-13 07:11:14 UTC. --
Dec 13 07:08:53 localhost.localdomain snapd[12612]: 2017/12/13 07:08:53.596884 daemon.go:233: DEBUG: pid=13040;uid=0;@ GET /v2/snaps 5.289ms 200
Dec 13 07:08:53 localhost.localdomain snapd[12612]: 2017/12/13 07:08:53.659492 daemon.go:233: DEBUG: pid=13048;uid=0;@ POST /v2/snaps/manifest.yaml 1.433ms 400
Dec 13 07:08:53 localhost.localdomain snapd[12612]: 2017/12/13 07:08:53.751513 daemon.go:233: DEBUG: pid=13054;uid=0;@ POST /v2/snaps/snapcraft.yaml 1.181ms 400
Dec 13 07:08:53 localhost.localdomain systemd[1]: Stopping Snappy daemon...
Dec 13 07:08:53 localhost.localdomain snapd[12612]: 2017/12/13 07:08:53.780293 main.go:78: Exiting on terminated signal.
Dec 13 07:08:53 localhost.localdomain systemd[1]: Stopped Snappy daemon.
Dec 13 07:10:51 localhost.localdomain systemd[1]: Starting Snappy daemon...
Dec 13 07:10:52 localhost.localdomain snapd[13075]: AppArmor status: apparmor is enabled and all features are available
Dec 13 07:10:53 localhost.localdomain snapd[13075]: 2017/12/13 07:10:53.301792 daemon.go:306: started snapd/2.30~rc3 (series 16; testing) ubuntu-core/16 (arm64) linux/4.4.0-1081-snapdragon.
Dec 13 07:10:53 localhost.localdomain snapd[13075]: 2017/12/13 07:10:53.302438 main.go:72: DEBUG: activation done in 531ms
Dec 13 07:10:53 localhost.localdomain systemd[1]: Started Snappy daemon.
Dec 13 07:10:53 localhost.localdomain snapd[13075]: 2017/12/13 07:10:53.321400 catalogrefresh.go:69: DEBUG: Catalog refresh starting now; next scheduled for 2017-12-14 07:10:53.321307 +0000 UTC.
Dec 13 07:10:53 localhost.localdomain snapd[13075]: 2017/12/13 07:10:53.321973 retry.go:40: DEBUG: Retrying https://api.snapcraft.io/api/v1/snaps/sections, attempt 1, elapsed time=51Âµs
Dec 13 07:10:53 localhost.localdomain snapd[13075]: 2017/12/13 07:10:53.324934 logger.go:69: DEBUG: > "GET /api/v1/snaps/sections HTTP/1.1\r\nHost: api.snapcraft.io\r\nUser-Agent: snapd/2.30~rc3 (series 16; testing) ubuntu-core/16 (arm64) linux/4.4.0-1081-snapdragon\r\nAccept: application/hal+json\r\nX-Ubuntu-Architecture: arm64\r\nX-Ubuntu-Classic: false\r\nX-Ubuntu-No-Cdn: false\r\nX-Ubuntu-Series: 16\r\nX-Ubuntu-Wire-Protocol: 1\r\nAccept-Encoding: gzip\r\n\r\n"
Dec 13 07:10:54 localhost.localdomain snapd[13075]: 2017/12/13 07:10:54.100502 daemon.go:233: DEBUG: pid=13119;uid=0;@ POST /v2/snaps 543.588ms 202
Dec 13 07:10:54 localhost.localdomain snapd[13075]: 2017/12/13 07:10:54.959297 logger.go:76: DEBUG: < "HTTP/1.1 200 OK\r\nContent-Length: 175\r\nAge: 49\r\nCache-Control: public, max-age=3600\r\nContent-Type: application/hal+json\r\nDate: Wed, 13 Dec 2017 07:10:05 GMT\r\nServer: gunicorn/19.7.1\r\nVary: X-Ubuntu-Series\r\nVia: 1.1 juju-7794b8-prod-ols-snap-store-indep-398 (squid/3.5.12)\r\nX-Cache: HIT from juju-7794b8-prod-ols-snap-store-indep-398\r\nX-Cache-Lookup: HIT from juju-7794b8-prod-ols-snap-store-indep-398:3128\r\nX-Request-Id: 2bf068eb-ab61-402f-ac0c-457c86f425cf\r\nX-Vcs-Revision: 94e6de3\r\n\r\n{\"_embedded\": {\"clickindex:sections\": [{\"name\": \"ops\"}, {\"name\": \"database\"}, {\"name\": \"internet-of-things\"}, {\"name\": \"featured\"}, {\"name\": \"messaging\"}, {\"name\": \"media\"}]}}"
Dec 13 07:10:54 localhost.localdomain snapd[13075]: 2017/12/13 07:10:54.960380 retry.go:52: DEBUG: The retry loop for https://api.snapcraft.io/api/v1/snaps/sections finished after 1 retries, elapsed time=1.638397s, status: 200
Dec 13 07:10:55 localhost.localdomain snapd[13075]: 2017/12/13 07:10:55.066714 retry.go:40: DEBUG: Retrying https://api.snapcraft.io/api/v1/snaps/names?confinement=strict, attempt 1, elapsed time=54Âµs
Dec 13 07:10:55 localhost.localdomain snapd[13075]: 2017/12/13 07:10:55.071516 logger.go:69: DEBUG: > "GET /api/v1/snaps/names?confinement=strict HTTP/1.1\r\nHost: api.snapcraft.io\r\nUser-Agent: snapd/2.30~rc3 (series 16; testing) ubuntu-core/16 (arm64) linux/4.4.0-1081-snapdragon\r\nAccept: application/hal+json\r\nX-Ubuntu-Architecture: arm64\r\nX-Ubuntu-Classic: false\r\nX-Ubuntu-No-Cdn: false\r\nX-Ubuntu-Series: 16\r\nX-Ubuntu-Wire-Protocol: 1\r\nAccept-Encoding: gzip\r\n\r\n"
Dec 13 07:10:56 localhost.localdomain snapd[13075]: 2017/12/13 07:10:56.310646 logger.go:76: DEBUG: < "HTTP/1.1 200 OK\r\nContent-Length: 37767\r\nAge: 1373\r\nCache-Control: public, max-age=3600\r\nContent-Type: application/hal+json\r\nDate: Wed, 13 Dec 2017 06:48:05 GMT\r\nServer: gunicorn/19.7.1\r\nVary: X-Ubuntu-Store, X-Ubuntu-Series, X-Ubuntu-Architecture\r\nVia: 1.1 juju-7794b8-prod-ols-snap-store-indep-398 (squid/3.5.12)\r\nX-Cache: HIT from juju-7794b8-prod-ols-snap-store-indep-398\r\nX-Cache-Lookup: HIT from juju-7794b8-prod-ols-snap-store-indep-398:3128\r\nX-Request-Id: c557bf56-0dda-4c37-8355-a95ffbf65d3b\r\nX-Vcs-Revision: 94e6de3\r\n\r\n"
Dec 13 07:10:56 localhost.localdomain snapd[13075]: 2017/12/13 07:10:56.647754 retry.go:52: DEBUG: The retry loop for https://api.snapcraft.io/api/v1/snaps/names?confinement=strict finished after 1 retries, elapsed time=1.581119s, status: 200
Dec 13 07:10:56 localhost.localdomain snapd[13075]: 2017/12/13 07:10:56.663749 taskrunner.go:370: DEBUG: Running task 109 on Do: Ensure prerequisites for "test-snapd-netlink-connector" are available
Dec 13 07:10:56 localhost.localdomain snapd[13075]: 2017/12/13 07:10:56.753712 taskrunner.go:370: DEBUG: Running task 100 on Doing: Request device serial
Dec 13 07:10:57 localhost.localdomain snapd[13075]: 2017/12/13 07:10:57.000699 logger.go:69: DEBUG: > "POST /api/v1/snaps/auth/request-id HTTP/1.1\r\nHost: api.snapcraft.io\r\nUser-Agent: snapd/2.30~rc3 (series 16; testing) ubuntu-core/16 (arm64) linux/4.4.0-1081-snapdragon\r\nContent-Length: 0\r\nAccept-Encoding: gzip\r\n\r\n"
Dec 13 07:10:57 localhost.localdomain snapd[13075]: 2017/12/13 07:10:57.004117 taskrunner.go:370: DEBUG: Running task 110 on Do: Prepare snap "/tmp/snapd-sideload-pkg-422107014" (unset)
Dec 13 07:10:57 localhost.localdomain snapd[13075]: 2017/12/13 07:10:57.217977 taskrunner.go:370: DEBUG: Running task 111 on Do: Mount snap "test-snapd-netlink-connector" (unset)
Dec 13 07:10:58 localhost.localdomain snapd[13075]: 2017/12/13 07:10:58.234590 logger.go:76: DEBUG: < "HTTP/1.1 200 OK\r\nContent-Length: 59\r\nContent-Type: application/json\r\nDate: Wed, 13 Dec 2017 07:10:58 GMT\r\nServer: gunicorn/19.7.1\r\nX-Request-Id: 55e1bf9b-df91-4f48-a4f1-6a5584c14d5d\r\nX-Request-Id: 55e1bf9b-df91-4f48-a4f1-6a5584c14d5d\r\nX-Vcs-Revision: 7498c76\r\nX-Vcs-Revision: 94e6de3\r\n\r\n{\"request-id\":\"163636438699555098061513149058:1513149058\"}\n"
Dec 13 07:10:59 localhost.localdomain snapd[13075]: 2017/12/13 07:10:59.588022 logger.go:69: DEBUG: > "POST /api/v1/snaps/auth/devices HTTP/1.1\r\nHost: api.snapcraft.io\r\nUser-Agent: snapd/2.30~rc3 (series 16; testing) ubuntu-core/16 (arm64) linux/4.4.0-1081-snapdragon\r\nContent-Length: 1714\r\nContent-Type: application/x.ubuntu.assertion\r\nAccept-Encoding: gzip\r\n\r\ntype: serial-request\nbrand-id: Euf8YO6waprpTXVrREuDw8ODHNIACTwi\ndevice-key:\n    AcbBTQRWhcGAARAAuHlgIPIeS/lmrmp20OjipYINWwRMbvk6jpNLW52a29mTVV3H/GKTjGZcqPFo\n    0eF0jiT1Mq7Fz3HkkUV0cVwNvfCdEz5Jt3QAIuAfftjWK+8937Evm4lj6HyQxSryak6olO6tuBHE\n    VU+T+bCCRlRq4+H/D1BN/OWWOcNr716xk+QOgeE3UzPld4sXtD8wpnXUjHHAZpvW35iDe1PTTnmc\n    92dywAKHp52Exem9q6cnWTARQn6nQMVecV0HbMFRENr+PhSCYPP5eM2hc2vuTu1VCFpJeeOi69t7\n    BPwpt1ZhNa4/7VGxYZ/CrFqcBSXDDiIr4oucnKX/d3ib3NaBgn3kC+hv18VMScf1JxQYfa02e1/V\n    D898ERrge/ZlPddFdaxWLm+Ej0gmcPiwsQuaTUKQL651VNU3bJ4nXJAxCOsG9y7RjPduCGjZWpaU\n    AVNj5l9ApyME+F5TJz13Wo1ynklCSlTKnhGqZ/ogZBTz/sBCPquPa56XRz2J0ZY+D3qrw2KAiAgx\n    cWFo7pJwKL1ShtOVL3ueJcckKUizJRb+LvV5gu5SMz14Eih/g2kSui3c17Lbl/OSIWN5c70urp/E\n    jCEPOk9x9PZE9q7mhlYZyfa73LQz6w849/1vkKTFT8457GULKeI4SW73jqr5nTTPDZBF59byocB+\n    Nr0cvr/jp3CAXoUAEQEAAQ==\nmodel: dragonboard\nrequest-id: 163636438699555098061513149058:1513149058\nsign-key-sha3-384: 4hAHgIsfqegUhUanaYfcR2_rb8Ov8e8hJZ7d1gJ8RyqVKi9Vfhb-tCGHshOQFjC9\n\nAcLBUgQAAQoABgUCWjDSggAAKYEQALRmrmZ+SNt4HY/1D8ivki7AHbFg5Eue14uLFn0qKbP2Bk3W\nDT42AY7gBe90hmqcvuqakcHChwBBiockoM750nq7t92cpxL3VcHYR6rKaUY74HcYqLbuLP+QYbJY\nDavo1otr4ue9NRIrh0tCtdG0Ssr6VRmphBar1DEm6RQiI09at5g3s/lMBpt1D0nKgg2UXXbAx2Gm\nuI+lnW24g6Uh64nWlusAc8KIaF3rt3Lp4/9sidlLrEiwVH2tII53sDVu4vzNURuBi3K9VZDw1vTQ\n0Y8ruMeF691Iou52agoO8+84CxKcVzZ5MItMvbRoiInBPwd+aUoe1XdNcgJ27E9x2ekJ2cggqoi7\ntna5eMMjIpCtct53HlRx49EKg/zQlszz3gRRS4yq6lt4E+43zBr00gqZKJ1rhD0FYie/tHBtbGvJ\nRFtsodYgT/VMH4y5//cd7r95IqVfiM2BDU8mdWlcljpuUXUwQzMFiJQy4ESWAS/VypCzTCDbN5bx\nhzOeyp/sFJTfhqEoelbHT4LDfv6rZNVyxuHhdFMRRpiTneVFQEG7lchx2SI8fZq8ZdyDbZcwYi9o\ndv40RftATKAJZIkyi3hq7MK+j882G0iHSHBlNMDtqnPeBVpqCr5Sbtjr4kCDx4FtU5VIxnutZr+f\nFsokR+T0OeLZ5
Dec 13 07:10:59 localhost.localdomain snapd[13075]: mpYB0tfZFY5RzRX\n"
Dec 13 07:10:59 localhost.localdomain snapd[13075]: 2017/12/13 07:10:59.882090 logger.go:76: DEBUG: < "HTTP/1.1 403 FORBIDDEN\r\nContent-Length: 330\r\nContent-Type: application/json\r\nDate: Wed, 13 Dec 2017 07:10:59 GMT\r\nServer: gunicorn/19.7.1\r\nX-Request-Id: f0a22e44-8534-4c55-88af-362f047b7868\r\nX-Vcs-Revision: 94e6de3\r\n\r\n{\"error_list\":[{\"code\":\"device-registration-forbidden\",\"message\":\"Cannot process serial request for device with brand \\\"Euf8YO6waprpTXVrREuDw8ODHNIACTwi\\\" and model \\\"dragonboard\\\"\"}],\"errors\":[\"Cannot process serial request for device with brand \\\"Euf8YO6waprpTXVrREuDw8ODHNIACTwi\\\" and model \\\"dragonboard\\\"\"],\"result\":\"error\"}\n"
Dec 13 07:10:59 localhost.localdomain snapd[13075]: 2017/12/13 07:10:59.882737 task.go:303: DEBUG: 2017-12-13T07:10:59Z ERROR cannot deliver device serial request: Cannot process serial request for device with brand "Euf8YO6waprpTXVrREuDw8ODHNIACTwi" and model "dragonboard"
Dec 13 07:11:05 localhost.localdomain snapd[13075]: 2017/12/13 07:11:05.954930 taskrunner.go:370: DEBUG: Running task 112 on Do: Copy snap "test-snapd-netlink-connector" data
Dec 13 07:11:06 localhost.localdomain snapd[13075]: 2017/12/13 07:11:06.044316 taskrunner.go:370: DEBUG: Running task 121 on Do: Generate device key
Dec 13 07:11:06 localhost.localdomain snapd[13075]: 2017/12/13 07:11:06.313645 taskrunner.go:370: DEBUG: Running task 113 on Do: Setup snap "test-snapd-netlink-connector" (unset) security profiles
Dec 13 07:11:06 localhost.localdomain snapd[13075]: 2017/12/13 07:11:06.359376 taskrunner.go:370: DEBUG: Running task 122 on Do: Request device serial
Dec 13 07:11:07 localhost.localdomain snapd[13075]: 2017/12/13 07:11:07.203705 logger.go:69: DEBUG: > "POST /api/v1/snaps/auth/request-id HTTP/1.1\r\nHost: api.snapcraft.io\r\nUser-Agent: snapd/2.30~rc3 (series 16; testing) ubuntu-core/16 (arm64) linux/4.4.0-1081-snapdragon\r\nContent-Length: 0\r\nAccept-Encoding: gzip\r\n\r\n"
Dec 13 07:11:08 localhost.localdomain snapd[13075]: 2017/12/13 07:11:08.089158 taskrunner.go:370: DEBUG: Running task 114 on Do: Make snap "test-snapd-netlink-connector" (unset) available to the system
Dec 13 07:11:08 localhost.localdomain snapd[13075]: 2017/12/13 07:11:08.244996 taskrunner.go:370: DEBUG: Running task 115 on Do: Setup snap "test-snapd-netlink-connector" (unset) security profiles (phase 2)
Dec 13 07:11:08 localhost.localdomain snapd[13075]: 2017/12/13 07:11:08.351869 logger.go:76: DEBUG: < "HTTP/1.1 200 OK\r\nContent-Length: 57\r\nContent-Type: application/json\r\nDate: Wed, 13 Dec 2017 07:11:08 GMT\r\nServer: gunicorn/19.7.1\r\nX-Request-Id: 90f0d31f-e1ac-414f-9736-5a9d76137ee6\r\nX-Request-Id: 90f0d31f-e1ac-414f-9736-5a9d76137ee6\r\nX-Vcs-Revision: 7498c76\r\nX-Vcs-Revision: 94e6de3\r\n\r\n{\"request-id\":\"7761140391323977221513149068:1513149068\"}\n"
Dec 13 07:11:08 localhost.localdomain snapd[13075]: 2017/12/13 07:11:08.415912 taskrunner.go:370: DEBUG: Running task 116 on Do: Set automatic aliases for snap "test-snapd-netlink-connector"
Dec 13 07:11:09 localhost.localdomain snapd[13075]: 2017/12/13 07:11:09.266183 taskrunner.go:370: DEBUG: Running task 117 on Do: Setup snap "test-snapd-netlink-connector" aliases
Dec 13 07:11:09 localhost.localdomain snapd[13075]: 2017/12/13 07:11:09.674448 taskrunner.go:370: DEBUG: Running task 118 on Do: Run install hook of "test-snapd-netlink-connector" snap if present
Dec 13 07:11:09 localhost.localdomain snapd[13075]: 2017/12/13 07:11:09.745454 logger.go:69: DEBUG: > "POST /api/v1/snaps/auth/devices HTTP/1.1\r\nHost: api.snapcraft.io\r\nUser-Agent: snapd/2.30~rc3 (series 16; testing) ubuntu-core/16 (arm64) linux/4.4.0-1081-snapdragon\r\nContent-Length: 1712\r\nContent-Type: application/x.ubuntu.assertion\r\nAccept-Encoding: gzip\r\n\r\ntype: serial-request\nbrand-id: Euf8YO6waprpTXVrREuDw8ODHNIACTwi\ndevice-key:\n    AcbBTQRWhcGAARAAuHlgIPIeS/lmrmp20OjipYINWwRMbvk6jpNLW52a29mTVV3H/GKTjGZcqPFo\n    0eF0jiT1Mq7Fz3HkkUV0cVwNvfCdEz5Jt3QAIuAfftjWK+8937Evm4lj6HyQxSryak6olO6tuBHE\n    VU+T+bCCRlRq4+H/D1BN/OWWOcNr716xk+QOgeE3UzPld4sXtD8wpnXUjHHAZpvW35iDe1PTTnmc\n    92dywAKHp52Exem9q6cnWTARQn6nQMVecV0HbMFRENr+PhSCYPP5eM2hc2vuTu1VCFpJeeOi69t7\n    BPwpt1ZhNa4/7VGxYZ/CrFqcBSXDDiIr4oucnKX/d3ib3NaBgn3kC+hv18VMScf1JxQYfa02e1/V\n    D898ERrge/ZlPddFdaxWLm+Ej0gmcPiwsQuaTUKQL651VNU3bJ4nXJAxCOsG9y7RjPduCGjZWpaU\n    AVNj5l9ApyME+F5TJz13Wo1ynklCSlTKnhGqZ/ogZBTz/sBCPquPa56XRz2J0ZY+D3qrw2KAiAgx\n    cWFo7pJwKL1ShtOVL3ueJcckKUizJRb+LvV5gu5SMz14Eih/g2kSui3c17Lbl/OSIWN5c70urp/E\n    jCEPOk9x9PZE9q7mhlYZyfa73LQz6w849/1vkKTFT8457GULKeI4SW73jqr5nTTPDZBF59byocB+\n    Nr0cvr/jp3CAXoUAEQEAAQ==\nmodel: dragonboard\nrequest-id: 7761140391323977221513149068:1513149068\nsign-key-sha3-384: 4hAHgIsfqegUhUanaYfcR2_rb8Ov8e8hJZ7d1gJ8RyqVKi9Vfhb-tCGHshOQFjC9\n\nAcLBUgQAAQoABgUCWjDSjAAAdV0QABjsEJ7uGx8XlloY0sGQLIkbbLh+jSfxz5KxbLWOA8JsiAzG\nI1aoxNtwpd/lr2qv/hUGFAQl5IvBw7igOHl84l2grvoiawk3FGnsGsnIpc6gbFbCit9Tr3l+t4fR\nBZDycLlXb8gID2+0/UA8UIYLRjT50xHgyZcimqHpukUBaGyfhQ1Sd8KBCWTrWY4JPms3V83NihHx\nOuFtH4QB+ECLJok1raDid+WjSDUc8Dmk59wraraPAN1WlInxtCqbdRgv+2FrFJ/vFXJHKYWt5krN\nEB4xkhxjNbTUW13j8PeQ60Pi/EaBn6mOaCgUvW8GF/KRJiWPMqPvmDY9gB2Li69vUwrhFpnyQ1bV\nRVkEKZMoSFRSsPb8UcO27QLBPtOIzDx510BqljrmCtcmgPCTWxBvFXd/KNm0dJiAv+/+Mm2kJ8Ki\nm4PeadPrmoLxUbhCtxv7l1AYnBxgTfoFHXcDNfP/yMyKUZ904xMe5VrThlHvTb1eQxgXhjelQroJ\nRFffckCI070JDxE3QLuDueNImKM/9RAdtgJW2qZYxutyITS0BrFs/1oZXsxtAfc6WEBj9bYt+9xc\nfiaCjsvm/3JJGsf2WA5r5hWx06scMnP0cAFpx0gxrgwf1CycOtTLJkLWUWPYdhyAhtnf+I+5evHX\nySzjhJDIoSKquc9
Dec 13 07:11:09 localhost.localdomain snapd[13075]: cFL6fvYlNl4C9\n"
Dec 13 07:11:09 localhost.localdomain snapd[13075]: 2017/12/13 07:11:09.796832 taskrunner.go:370: DEBUG: Running task 119 on Do: Start snap "test-snapd-netlink-connector" (unset) services
Dec 13 07:11:09 localhost.localdomain snapd[13075]: 2017/12/13 07:11:09.903710 taskrunner.go:370: DEBUG: Running task 120 on Do: Run configure hook of "test-snapd-netlink-connector" snap if present
Dec 13 07:11:10 localhost.localdomain snapd[13075]: 2017/12/13 07:11:10.021740 logger.go:76: DEBUG: < "HTTP/1.1 403 FORBIDDEN\r\nContent-Length: 330\r\nContent-Type: application/json\r\nDate: Wed, 13 Dec 2017 07:11:09 GMT\r\nServer: gunicorn/19.7.1\r\nX-Request-Id: 033bfe43-a97b-488e-bbe7-e505793c181d\r\nX-Vcs-Revision: 94e6de3\r\n\r\n{\"error_list\":[{\"code\":\"device-registration-forbidden\",\"message\":\"Cannot process serial request for device with brand \\\"Euf8YO6waprpTXVrREuDw8ODHNIACTwi\\\" and model \\\"dragonboard\\\"\"}],\"errors\":[\"Cannot process serial request for device with brand \\\"Euf8YO6waprpTXVrREuDw8ODHNIACTwi\\\" and model \\\"dragonboard\\\"\"],\"result\":\"error\"}\n"
Dec 13 07:11:10 localhost.localdomain snapd[13075]: 2017/12/13 07:11:10.043518 task.go:303: DEBUG: 2017-12-13T07:11:10Z ERROR cannot deliver device serial request: Cannot process serial request for device with brand "Euf8YO6waprpTXVrREuDw8ODHNIACTwi" and model "dragonboard"
Dec 13 07:11:11 localhost.localdomain snapd[13075]: 2017/12/13 07:11:11.775451 daemon.go:233: DEBUG: pid=13119;uid=0;@ GET /v2/snaps?snaps=test-snapd-netlink-connector 161.89ms 200
Dec 13 07:11:11 localhost.localdomain snapd[13075]: 2017/12/13 07:11:11.976504 daemon.go:233: DEBUG: pid=13262;uid=0;@ GET /v2/interfaces 3.688ms 200
Dec 13 07:11:12 localhost.localdomain snapd[13075]: 2017/12/13 07:11:12.174668 daemon.go:233: DEBUG: pid=13273;uid=0;@ POST /v2/interfaces 74.852ms 202
Dec 13 07:11:12 localhost.localdomain snapd[13075]: 2017/12/13 07:11:12.175147 taskrunner.go:370: DEBUG: Running task 124 on Do: Run hook prepare-plug-netlink-connector of snap "test-snapd-netlink-connector"
Dec 13 07:11:12 localhost.localdomain snapd[13075]: 2017/12/13 07:11:12.331669 taskrunner.go:370: DEBUG: Running task 125 on Do: Run hook prepare-slot-netlink-connector of snap "core"
Dec 13 07:11:12 localhost.localdomain snapd[13075]: 2017/12/13 07:11:12.434176 taskrunner.go:370: DEBUG: Running task 123 on Do: Connect test-snapd-netlink-connector:netlink-connector to core:netlink-connector
Dec 13 07:11:12 localhost.localdomain snapd[13075]: 2017/12/13 07:11:12.957677 taskrunner.go:370: DEBUG: Running task 126 on Do: Run hook connect-slot-netlink-connector of snap "core"
Dec 13 07:11:13 localhost.localdomain snapd[13075]: 2017/12/13 07:11:13.122410 taskrunner.go:370: DEBUG: Running task 127 on Do: Run hook connect-plug-netlink-connector of snap "test-snapd-netlink-connector"
+ echo '# apparmor denials '
# apparmor denials 
+ dmesg --ctime
+ grep DENIED
[Wed Dec 13 07:11:13 2017] audit: type=1400 audit(1513149073.625:328): apparmor="DENIED" operation="open" profile="/usr/lib/snapd/snap-confine//snap_update_ns" name="/dev/urandom" pid=13299 comm="5" requested_mask="r" denied_mask="r" fsuid=0 ouid=0
[Wed Dec 13 07:11:14 2017] audit: type=1400 audit(1513149074.913:329): apparmor="DENIED" operation="create" profile="snap.test-snapd-netlink-connector.bind" pid=13293 comm="python3" family="netlink" sock_type="dgram" protocol=11 requested_mask="create" denied_mask="create"
+ echo '# seccomp denials (kills) '
# seccomp denials (kills) 
+ dmesg --ctime
+ grep type=1326
+ true
+ echo '# snap interfaces'
# snap interfaces
+ snap interfaces
Slot                      Plug
:account-control          -
:alsa                     -
:autopilot-introspection  -
:bluetooth-control        -
:broadcom-asic-control    -
:browser-support          -
:camera                   -
:classic-support          -
:core-support             core:core-support-plug
:dcdbas-control           -
:docker-support           -
:firewall-control         -
:framebuffer              -
:fuse-support             -
:gpg-keys                 -
:gpg-public-keys          -
:greengrass-support       -
:hardware-observe         -
:hardware-random-control  -
:hardware-random-observe  -
:home                     -
:io-ports-control         -
:joystick                 -
:kernel-module-control    -
:kubernetes-support       -
:kvm                      -
:log-observe              -
:lxd-support              -
:mount-observe            -
:netlink-audit            -
:netlink-connector        test-snapd-netlink-connector
:network                  -
:network-bind             -
:network-control          -
:network-observe          -
:network-setup-control    -
:network-setup-observe    -
:opengl                   -
:openvswitch-support      -
:physical-memory-control  -
:physical-memory-observe  -
:ppp                      -
:process-control          -
:raw-usb                  -
:removable-media          -
:shutdown                 -
:snapd-control            -
:ssh-keys                 -
:ssh-public-keys          -
:system-observe           -
:system-trace             -
:time-control             -
:timeserver-control       -
:timezone-control         -
:tpm                      -
:uhid                     -
-----
.
2017-12-13 07:10:49 Restoring external:ubuntu-core-16-arm-64:tests/main/interfaces-netlink-connector...
2017-12-13 07:10:49 Preparing external:ubuntu-core-16-arm-64:tests/main/snap-download...
2017-12-13 07:13:00 Executing external:ubuntu-core-16-arm-64:tests/main/snap-download (24/162)...
2017-12-13 07:13:25 Restoring external:ubuntu-core-16-arm-64:tests/main/snap-download...
2017-12-13 07:13:25 Preparing external:ubuntu-core-16-arm-64:tests/main/install-sideload:reexec0...
2017-12-13 07:15:51 Executing external:ubuntu-core-16-arm-64:tests/main/install-sideload:reexec0 (25/162)...
2017-12-13 07:17:05 Restoring external:ubuntu-core-16-arm-64:tests/main/install-sideload:reexec0...
2017-12-13 07:17:05 Preparing external:ubuntu-core-16-arm-64:tests/main/interfaces-home...
2017-12-13 07:19:43 Executing external:ubuntu-core-16-arm-64:tests/main/interfaces-home (26/162)...
2017-12-13 07:20:12 Restoring external:ubuntu-core-16-arm-64:tests/main/interfaces-home...
2017-12-13 07:20:12 Preparing external:ubuntu-core-16-arm-64:tests/main/ubuntu-core-create-user...
2017-12-13 07:22:23 Executing external:ubuntu-core-16-arm-64:tests/main/ubuntu-core-create-user (27/162)...
2017-12-13 07:22:24 Restoring external:ubuntu-core-16-arm-64:tests/main/ubuntu-core-create-user...
2017-12-13 07:22:24 Preparing external:ubuntu-core-16-arm-64:tests/main/refresh:classic_fake...
2017-12-13 07:24:35 Executing external:ubuntu-core-16-arm-64:tests/main/refresh:classic_fake (28/162)...
2017-12-13 07:24:36 Restoring external:ubuntu-core-16-arm-64:tests/main/refresh:classic_fake...
2017-12-13 07:24:36 Preparing external:ubuntu-core-16-arm-64:tests/main/interfaces-timeserver-control...
2017-12-13 07:27:22 Executing external:ubuntu-core-16-arm-64:tests/main/interfaces-timeserver-control (29/162)...
2017-12-13 07:27:29 Restoring external:ubuntu-core-16-arm-64:tests/main/interfaces-timeserver-control...
2017-12-13 07:27:30 Preparing external:ubuntu-core-16-arm-64:tests/main/interfaces-network-control-ip-netns...
2017-12-13 07:30:07 Executing external:ubuntu-core-16-arm-64:tests/main/interfaces-network-control-ip-netns (30/162)...
2017-12-13 07:30:10 Restoring external:ubuntu-core-16-arm-64:tests/main/interfaces-network-control-ip-netns...
2017-12-13 07:30:18 Preparing external:ubuntu-core-16-arm-64:tests/main/security-setuid-root...
2017-12-13 07:32:50 Executing external:ubuntu-core-16-arm-64:tests/main/security-setuid-root (31/162)...
2017-12-13 07:32:51 Restoring external:ubuntu-core-16-arm-64:tests/main/security-setuid-root...
2017-12-13 07:32:51 Preparing external:ubuntu-core-16-arm-64:tests/main/interfaces-kernel-module-control...
2017-12-13 07:35:33 Executing external:ubuntu-core-16-arm-64:tests/main/interfaces-kernel-module-control (32/162)...
2017-12-13 07:35:51 Restoring external:ubuntu-core-16-arm-64:tests/main/interfaces-kernel-module-control...
2017-12-13 07:35:51 Preparing external:ubuntu-core-16-arm-64:tests/main/try-snap-goes-away:network_bind_consumer...
2017-12-13 07:38:03 Executing external:ubuntu-core-16-arm-64:tests/main/try-snap-goes-away:network_bind_consumer (33/162)...
2017-12-13 07:38:19 Restoring external:ubuntu-core-16-arm-64:tests/main/try-snap-goes-away:network_bind_consumer...
2017-12-13 07:38:20 Preparing external:ubuntu-core-16-arm-64:tests/main/snap-get...
2017-12-13 07:41:01 Executing external:ubuntu-core-16-arm-64:tests/main/snap-get (34/162)...
2017-12-13 07:41:10 Restoring external:ubuntu-core-16-arm-64:tests/main/snap-get...
2017-12-13 07:41:10 Preparing external:ubuntu-core-16-arm-64:tests/main/refresh:classic_remote...
2017-12-13 07:43:23 Executing external:ubuntu-core-16-arm-64:tests/main/refresh:classic_remote (35/162)...
2017-12-13 07:43:23 Restoring external:ubuntu-core-16-arm-64:tests/main/refresh:classic_remote...
2017-12-13 07:43:23 Preparing external:ubuntu-core-16-arm-64:tests/main/ubuntu-core-uboot:kernelimg...
2017-12-13 07:45:42 Executing external:ubuntu-core-16-arm-64:tests/main/ubuntu-core-uboot:kernelimg (36/162)...
2017-12-13 07:45:43 Restoring external:ubuntu-core-16-arm-64:tests/main/ubuntu-core-uboot:kernelimg...
2017-12-13 07:45:43 Preparing external:ubuntu-core-16-arm-64:tests/main/ubuntu-core-upgrade...
2017-12-13 07:48:24 Executing external:ubuntu-core-16-arm-64:tests/main/ubuntu-core-upgrade (37/162)...
2017-12-13 07:48:56 Rebooting external:ubuntu-core-16-arm-64 as requested...
Compression: zlib@openssh.com
Setting up inflater: zlib@openssh.com
Delaying compression.
Setting up inflater: zlib@openssh.com
Delaying compression.
Enabling compression.
2017-12-13 07:49:58 Rebooting external:ubuntu-core-16-arm-64 as requested...
Compression: zlib@openssh.com
Setting up inflater: zlib@openssh.com
Delaying compression.
Setting up inflater: zlib@openssh.com
Delaying compression.
Enabling compression.
Compression: zlib@openssh.com
Setting up inflater: zlib@openssh.com
Delaying compression.
Setting up inflater: zlib@openssh.com
Delaying compression.
Enabling compression.
2017-12-13 07:51:18 Rebooting external:ubuntu-core-16-arm-64 as requested...
Compression: zlib@openssh.com
Setting up inflater: zlib@openssh.com
Delaying compression.
Setting up inflater: zlib@openssh.com
Delaying compression.
Enabling compression.
Compression: zlib@openssh.com
Setting up inflater: zlib@openssh.com
Delaying compression.
Setting up inflater: zlib@openssh.com
Delaying compression.
Enabling compression.
2017-12-13 07:52:17 Rebooting external:ubuntu-core-16-arm-64 as requested...
Compression: zlib@openssh.com
Setting up inflater: zlib@openssh.com
Delaying compression.
Setting up inflater: zlib@openssh.com
Delaying compression.
Enabling compression.
2017-12-13 07:53:10 Restoring external:ubuntu-core-16-arm-64:tests/main/ubuntu-core-upgrade...
2017-12-13 07:53:10 Preparing external:ubuntu-core-16-arm-64:tests/main/i18n...
2017-12-13 07:55:06 Executing external:ubuntu-core-16-arm-64:tests/main/i18n (38/162)...
2017-12-13 07:55:07 Restoring external:ubuntu-core-16-arm-64:tests/main/i18n...
2017-12-13 07:55:07 Preparing external:ubuntu-core-16-arm-64:tests/main/refresh-devmode:remote...
2017-12-13 07:57:37 Executing external:ubuntu-core-16-arm-64:tests/main/refresh-devmode:remote (39/162)...
2017-12-13 07:58:01 Restoring external:ubuntu-core-16-arm-64:tests/main/refresh-devmode:remote...
2017-12-13 07:58:01 Preparing external:ubuntu-core-16-arm-64:tests/main/server-snap:pythonServer...
2017-12-13 08:01:01 WARNING: external:ubuntu-core-16-arm-64 running late. Current output:
-----
(... 90 lines above ...)
+++ LIBEXECDIR=/usr/lib
+++ case "$SPREAD_SYSTEM" in
++ . /home/gopath/src/github.com/snapcore/snapd/tests/lib/snaps.sh
++ . /home/gopath/src/github.com/snapcore/snapd/tests/lib/pkgdb.sh
+++ . /home/gopath/src/github.com/snapcore/snapd/tests/lib/quiet.sh
++ . /home/gopath/src/github.com/snapcore/snapd/tests/lib/boot.sh
+++ GRUB_EDITENV=grub-editenv
+++ case "$SPREAD_SYSTEM" in
+ [[ ubuntu-core-16-arm-64 != ubuntu-core-16-* ]]
+ snap install test-snapd-python-webserver
-----
.
2017-12-13 08:01:17 Executing external:ubuntu-core-16-arm-64:tests/main/server-snap:pythonServer (40/162)...
2017-12-13 08:01:17 Restoring external:ubuntu-core-16-arm-64:tests/main/server-snap:pythonServer...
2017-12-13 08:01:17 Preparing external:ubuntu-core-16-arm-64:tests/main/snapctl...
2017-12-13 08:03:59 Executing external:ubuntu-core-16-arm-64:tests/main/snapctl (41/162)...
2017-12-13 08:03:59 Restoring external:ubuntu-core-16-arm-64:tests/main/snapctl...
2017-12-13 08:04:00 Preparing external:ubuntu-core-16-arm-64:tests/main/snapctl-from-snap...
2017-12-13 08:06:17 Executing external:ubuntu-core-16-arm-64:tests/main/snapctl-from-snap (42/162)...
2017-12-13 08:07:13 Restoring external:ubuntu-core-16-arm-64:tests/main/snapctl-from-snap...
2017-12-13 08:07:14 Preparing external:ubuntu-core-16-arm-64:tests/main/security-profiles...
2017-12-13 08:09:15 Executing external:ubuntu-core-16-arm-64:tests/main/security-profiles (43/162)...
2017-12-13 08:09:42 Restoring external:ubuntu-core-16-arm-64:tests/main/security-profiles...
2017-12-13 08:09:42 Preparing external:ubuntu-core-16-arm-64:tests/main/snap-interface...
2017-12-13 08:11:56 Executing external:ubuntu-core-16-arm-64:tests/main/snap-interface (44/162)...
2017-12-13 08:11:57 Restoring external:ubuntu-core-16-arm-64:tests/main/snap-interface...
2017-12-13 08:11:57 Preparing external:ubuntu-core-16-arm-64:tests/main/security-device-cgroups:kmsg...
2017-12-13 08:14:16 Executing external:ubuntu-core-16-arm-64:tests/main/security-device-cgroups:kmsg (45/162)...
2017-12-13 08:14:42 Restoring external:ubuntu-core-16-arm-64:tests/main/security-device-cgroups:kmsg...
2017-12-13 08:14:42 Preparing external:ubuntu-core-16-arm-64:tests/main/cgroup-freezer...
2017-12-13 08:17:05 Executing external:ubuntu-core-16-arm-64:tests/main/cgroup-freezer (46/162)...
2017-12-13 08:17:05 Restoring external:ubuntu-core-16-arm-64:tests/main/cgroup-freezer...
2017-12-13 08:17:06 Preparing external:ubuntu-core-16-arm-64:tests/main/interfaces-process-control...
2017-12-13 08:19:32 Executing external:ubuntu-core-16-arm-64:tests/main/interfaces-process-control (47/162)...
2017-12-13 08:19:37 Restoring external:ubuntu-core-16-arm-64:tests/main/interfaces-process-control...
2017-12-13 08:19:38 Preparing external:ubuntu-core-16-arm-64:tests/main/systemd-service...
2017-12-13 08:21:51 Executing external:ubuntu-core-16-arm-64:tests/main/systemd-service (48/162)...
2017-12-13 08:22:09 Restoring external:ubuntu-core-16-arm-64:tests/main/systemd-service...
2017-12-13 08:22:09 Preparing external:ubuntu-core-16-arm-64:tests/main/interfaces-browser-support:allow...
2017-12-13 08:24:40 Executing external:ubuntu-core-16-arm-64:tests/main/interfaces-browser-support:allow (49/162)...
2017-12-13 08:24:56 Restoring external:ubuntu-core-16-arm-64:tests/main/interfaces-browser-support:allow...
2017-12-13 08:24:57 Preparing external:ubuntu-core-16-arm-64:tests/main/help:changes...
2017-12-13 08:27:08 Executing external:ubuntu-core-16-arm-64:tests/main/help:changes (50/162)...
2017-12-13 08:27:09 Restoring external:ubuntu-core-16-arm-64:tests/main/help:changes...
2017-12-13 08:27:09 Preparing external:ubuntu-core-16-arm-64:tests/main/interfaces-framebuffer...
2017-12-13 08:29:39 Executing external:ubuntu-core-16-arm-64:tests/main/interfaces-framebuffer (51/162)...
2017-12-13 08:29:46 Restoring external:ubuntu-core-16-arm-64:tests/main/interfaces-framebuffer...
2017-12-13 08:29:46 Preparing external:ubuntu-core-16-arm-64:tests/main/interfaces-network-control...
2017-12-13 08:32:15 Executing external:ubuntu-core-16-arm-64:tests/main/interfaces-network-control (52/162)...
2017-12-13 08:32:35 Restoring external:ubuntu-core-16-arm-64:tests/main/interfaces-network-control...
2017-12-13 08:32:36 Preparing external:ubuntu-core-16-arm-64:tests/main/interfaces-log-observe...
2017-12-13 08:34:58 Executing external:ubuntu-core-16-arm-64:tests/main/interfaces-log-observe (53/162)...
2017-12-13 08:35:13 Restoring external:ubuntu-core-16-arm-64:tests/main/interfaces-log-observe...
2017-12-13 08:35:13 Preparing external:ubuntu-core-16-arm-64:tests/main/media-sharing...
2017-12-13 08:37:49 Executing external:ubuntu-core-16-arm-64:tests/main/media-sharing (54/162)...
2017-12-13 08:37:49 Restoring external:ubuntu-core-16-arm-64:tests/main/media-sharing...
2017-12-13 08:37:49 Preparing external:ubuntu-core-16-arm-64:tests/main/prefer...
2017-12-13 08:39:50 Executing external:ubuntu-core-16-arm-64:tests/main/prefer (55/162)...
2017-12-13 08:40:12 Restoring external:ubuntu-core-16-arm-64:tests/main/prefer...
2017-12-13 08:40:13 Preparing external:ubuntu-core-16-arm-64:tests/main/install-socket-activation...
2017-12-13 08:42:50 Executing external:ubuntu-core-16-arm-64:tests/main/install-socket-activation (56/162)...
2017-12-13 08:42:51 Restoring external:ubuntu-core-16-arm-64:tests/main/install-socket-activation...
2017-12-13 08:42:51 Preparing external:ubuntu-core-16-arm-64:tests/main/interfaces-network-bind...
2017-12-13 08:45:25 Executing external:ubuntu-core-16-arm-64:tests/main/interfaces-network-bind (57/162)...
2017-12-13 08:45:37 Restoring external:ubuntu-core-16-arm-64:tests/main/interfaces-network-bind...
2017-12-13 08:45:37 Preparing external:ubuntu-core-16-arm-64:tests/main/snap-debug-get-base-declaration...
2017-12-13 08:47:47 Executing external:ubuntu-core-16-arm-64:tests/main/snap-debug-get-base-declaration (58/162)...
2017-12-13 08:47:48 Restoring external:ubuntu-core-16-arm-64:tests/main/snap-debug-get-base-declaration...
2017-12-13 08:47:48 Preparing external:ubuntu-core-16-arm-64:tests/main/snap-run...
2017-12-13 08:50:19 Executing external:ubuntu-core-16-arm-64:tests/main/snap-run (59/162)...
2017-12-13 08:50:19 Restoring external:ubuntu-core-16-arm-64:tests/main/snap-run...
2017-12-13 08:50:19 Preparing external:ubuntu-core-16-arm-64:tests/main/regression-home-snap-root-owned...
2017-12-13 08:53:06 Executing external:ubuntu-core-16-arm-64:tests/main/regression-home-snap-root-owned (60/162)...
2017-12-13 08:53:07 Restoring external:ubuntu-core-16-arm-64:tests/main/regression-home-snap-root-owned...
2017-12-13 08:53:07 Preparing external:ubuntu-core-16-arm-64:tests/main/op-remove...
2017-12-13 08:55:17 Executing external:ubuntu-core-16-arm-64:tests/main/op-remove (61/162)...
2017-12-13 08:55:51 Restoring external:ubuntu-core-16-arm-64:tests/main/op-remove...
2017-12-13 08:55:51 Preparing external:ubuntu-core-16-arm-64:tests/main/snap-repair...
2017-12-13 08:58:02 Executing external:ubuntu-core-16-arm-64:tests/main/snap-repair (62/162)...
2017-12-13 08:58:05 Restoring external:ubuntu-core-16-arm-64:tests/main/snap-repair...
2017-12-13 08:58:05 Preparing external:ubuntu-core-16-arm-64:tests/main/security-device-cgroups:uinput...
2017-12-13 09:00:16 Executing external:ubuntu-core-16-arm-64:tests/main/security-device-cgroups:uinput (63/162)...
2017-12-13 09:00:46 Restoring external:ubuntu-core-16-arm-64:tests/main/security-device-cgroups:uinput...
2017-12-13 09:00:47 Preparing external:ubuntu-core-16-arm-64:tests/main/snap-remove-not-mounted...
2017-12-13 09:03:23 Executing external:ubuntu-core-16-arm-64:tests/main/snap-remove-not-mounted (64/162)...
2017-12-13 09:03:49 Restoring external:ubuntu-core-16-arm-64:tests/main/snap-remove-not-mounted...
2017-12-13 09:03:49 Preparing external:ubuntu-core-16-arm-64:tests/main/ubuntu-core-writablepaths...
2017-12-13 09:06:03 Executing external:ubuntu-core-16-arm-64:tests/main/ubuntu-core-writablepaths (65/162)...
2017-12-13 09:06:06 Restoring external:ubuntu-core-16-arm-64:tests/main/ubuntu-core-writablepaths...
2017-12-13 09:06:06 Preparing external:ubuntu-core-16-arm-64:tests/main/refresh:strict_remote...
2017-12-13 09:08:31 Executing external:ubuntu-core-16-arm-64:tests/main/refresh:strict_remote (66/162)...
2017-12-13 09:09:21 Restoring external:ubuntu-core-16-arm-64:tests/main/refresh:strict_remote...
2017-12-13 09:09:21 Preparing external:ubuntu-core-16-arm-64:tests/main/core-snap-not-test-test...
2017-12-13 09:11:39 Executing external:ubuntu-core-16-arm-64:tests/main/core-snap-not-test-test (67/162)...
2017-12-13 09:11:40 Restoring external:ubuntu-core-16-arm-64:tests/main/core-snap-not-test-test...
2017-12-13 09:11:41 Preparing external:ubuntu-core-16-arm-64:tests/main/help:abort...
2017-12-13 09:13:50 Executing external:ubuntu-core-16-arm-64:tests/main/help:abort (68/162)...
2017-12-13 09:13:50 Restoring external:ubuntu-core-16-arm-64:tests/main/help:abort...
2017-12-13 09:13:51 Preparing external:ubuntu-core-16-arm-64:tests/main/snap-set...
2017-12-13 09:16:34 Executing external:ubuntu-core-16-arm-64:tests/main/snap-set (69/162)...
2017-12-13 09:16:51 Restoring external:ubuntu-core-16-arm-64:tests/main/snap-set...
2017-12-13 09:16:51 Preparing external:ubuntu-core-16-arm-64:tests/main/ubuntu-core-device-reg...
2017-12-13 09:19:04 Executing external:ubuntu-core-16-arm-64:tests/main/ubuntu-core-device-reg (70/162)...
2017-12-13 09:19:05 Restoring external:ubuntu-core-16-arm-64:tests/main/ubuntu-core-device-reg...
2017-12-13 09:19:05 Preparing external:ubuntu-core-16-arm-64:tests/main/interfaces-hooks...
2017-12-13 09:21:49 Executing external:ubuntu-core-16-arm-64:tests/main/interfaces-hooks (71/162)...
2017-12-13 09:21:54 Restoring external:ubuntu-core-16-arm-64:tests/main/interfaces-hooks...
2017-12-13 09:21:54 Preparing external:ubuntu-core-16-arm-64:tests/main/interfaces-snapd-control...
2017-12-13 09:24:28 Executing external:ubuntu-core-16-arm-64:tests/main/interfaces-snapd-control (72/162)...
2017-12-13 09:24:59 Restoring external:ubuntu-core-16-arm-64:tests/main/interfaces-snapd-control...
2017-12-13 09:24:59 Preparing external:ubuntu-core-16-arm-64:tests/main/refresh:strict_fake...
2017-12-13 09:27:11 Executing external:ubuntu-core-16-arm-64:tests/main/refresh:strict_fake (73/162)...
2017-12-13 09:27:12 Restoring external:ubuntu-core-16-arm-64:tests/main/refresh:strict_fake...
2017-12-13 09:27:12 Preparing external:ubuntu-core-16-arm-64:tests/main/security-device-cgroups-jailmode...
2017-12-13 09:29:39 Executing external:ubuntu-core-16-arm-64:tests/main/security-device-cgroups-jailmode (74/162)...
2017-12-13 09:30:00 Restoring external:ubuntu-core-16-arm-64:tests/main/security-device-cgroups-jailmode...
2017-12-13 09:30:00 Preparing external:ubuntu-core-16-arm-64:tests/main/interfaces-content-empty-content-attr...
2017-12-13 09:32:43 Executing external:ubuntu-core-16-arm-64:tests/main/interfaces-content-empty-content-attr (75/162)...
2017-12-13 09:32:48 Restoring external:ubuntu-core-16-arm-64:tests/main/interfaces-content-empty-content-attr...
2017-12-13 09:32:48 Preparing external:ubuntu-core-16-arm-64:tests/main/snap-disconnect...
2017-12-13 09:35:19 Executing external:ubuntu-core-16-arm-64:tests/main/snap-disconnect (76/162)...
2017-12-13 09:35:48 Restoring external:ubuntu-core-16-arm-64:tests/main/snap-disconnect...
2017-12-13 09:35:48 Preparing external:ubuntu-core-16-arm-64:tests/main/change-errors...
2017-12-13 09:38:16 Executing external:ubuntu-core-16-arm-64:tests/main/change-errors (77/162)...
2017-12-13 09:38:17 Restoring external:ubuntu-core-16-arm-64:tests/main/change-errors...
2017-12-13 09:38:17 Preparing external:ubuntu-core-16-arm-64:tests/main/revert:fake...
2017-12-13 09:40:34 Executing external:ubuntu-core-16-arm-64:tests/main/revert:fake (78/162)...
2017-12-13 09:40:34 Restoring external:ubuntu-core-16-arm-64:tests/main/revert:fake...
2017-12-13 09:40:35 Preparing external:ubuntu-core-16-arm-64:tests/main/help:interfaces...
2017-12-13 09:42:52 Executing external:ubuntu-core-16-arm-64:tests/main/help:interfaces (79/162)...
2017-12-13 09:42:53 Restoring external:ubuntu-core-16-arm-64:tests/main/help:interfaces...
2017-12-13 09:42:53 Preparing external:ubuntu-core-16-arm-64:tests/main/refresh-devmode:fake...
2017-12-13 09:45:06 Executing external:ubuntu-core-16-arm-64:tests/main/refresh-devmode:fake (80/162)...
2017-12-13 09:45:07 Restoring external:ubuntu-core-16-arm-64:tests/main/refresh-devmode:fake...
2017-12-13 09:45:07 Preparing external:ubuntu-core-16-arm-64:tests/main/listing...
2017-12-13 09:47:43 Executing external:ubuntu-core-16-arm-64:tests/main/listing (81/162)...
2017-12-13 09:47:59 Restoring external:ubuntu-core-16-arm-64:tests/main/listing...
2017-12-13 09:47:59 Preparing external:ubuntu-core-16-arm-64:tests/main/interfaces-snapd-control-with-manage...
2017-12-13 09:50:16 Executing external:ubuntu-core-16-arm-64:tests/main/interfaces-snapd-control-with-manage (82/162)...
2017-12-13 09:50:16 Restoring external:ubuntu-core-16-arm-64:tests/main/interfaces-snapd-control-with-manage...
2017-12-13 09:50:16 Preparing external:ubuntu-core-16-arm-64:tests/main/snapctl-services...
2017-12-13 09:52:27 Executing external:ubuntu-core-16-arm-64:tests/main/snapctl-services (83/162)...
2017-12-13 09:53:41 Restoring external:ubuntu-core-16-arm-64:tests/main/snapctl-services...
2017-12-13 09:53:41 Preparing external:ubuntu-core-16-arm-64:tests/main/user-data-handling...
2017-12-13 09:55:54 Executing external:ubuntu-core-16-arm-64:tests/main/user-data-handling (84/162)...
2017-12-13 09:56:56 Restoring external:ubuntu-core-16-arm-64:tests/main/user-data-handling...
2017-12-13 09:56:56 Preparing external:ubuntu-core-16-arm-64:tests/main/interfaces-udev...
2017-12-13 09:59:17 Executing external:ubuntu-core-16-arm-64:tests/main/interfaces-udev (85/162)...
2017-12-13 09:59:21 Restoring external:ubuntu-core-16-arm-64:tests/main/interfaces-udev...
2017-12-13 09:59:21 Preparing external:ubuntu-core-16-arm-64:tests/main/fakestore-install...
2017-12-13 10:01:24 Executing external:ubuntu-core-16-arm-64:tests/main/fakestore-install (86/162)...
2017-12-13 10:01:24 Restoring external:ubuntu-core-16-arm-64:tests/main/fakestore-install...
2017-12-13 10:01:25 Preparing external:ubuntu-core-16-arm-64:tests/main/writable-areas:reexec0...
2017-12-13 10:03:41 Executing external:ubuntu-core-16-arm-64:tests/main/writable-areas:reexec0 (87/162)...
2017-12-13 10:03:57 Restoring external:ubuntu-core-16-arm-64:tests/main/writable-areas:reexec0...
2017-12-13 10:03:57 Preparing external:ubuntu-core-16-arm-64:tests/main/help:install...
2017-12-13 10:06:12 Executing external:ubuntu-core-16-arm-64:tests/main/help:install (88/162)...
2017-12-13 10:06:13 Restoring external:ubuntu-core-16-arm-64:tests/main/help:install...
2017-12-13 10:06:13 Preparing external:ubuntu-core-16-arm-64:tests/main/interfaces-mount-observe...
2017-12-13 10:08:56 Executing external:ubuntu-core-16-arm-64:tests/main/interfaces-mount-observe (89/162)...
2017-12-13 10:09:22 Restoring external:ubuntu-core-16-arm-64:tests/main/interfaces-mount-observe...
2017-12-13 10:09:22 Preparing external:ubuntu-core-16-arm-64:tests/main/snap-run-symlink-error...
2017-12-13 10:11:39 Executing external:ubuntu-core-16-arm-64:tests/main/snap-run-symlink-error (90/162)...
2017-12-13 10:11:40 Restoring external:ubuntu-core-16-arm-64:tests/main/snap-run-symlink-error...
2017-12-13 10:11:41 Preparing external:ubuntu-core-16-arm-64:tests/main/interfaces-cli...
2017-12-13 10:14:32 Executing external:ubuntu-core-16-arm-64:tests/main/interfaces-cli (91/162)...
2017-12-13 10:14:33 Restoring external:ubuntu-core-16-arm-64:tests/main/interfaces-cli...
2017-12-13 10:14:33 Preparing external:ubuntu-core-16-arm-64:tests/main/snap-run-hook:reexec1...
2017-12-13 10:16:59 Executing external:ubuntu-core-16-arm-64:tests/main/snap-run-hook:reexec1 (92/162)...
2017-12-13 10:17:00 Restoring external:ubuntu-core-16-arm-64:tests/main/snap-run-hook:reexec1...
2017-12-13 10:17:01 Preparing external:ubuntu-core-16-arm-64:tests/main/enable-disable...
2017-12-13 10:19:14 Executing external:ubuntu-core-16-arm-64:tests/main/enable-disable (93/162)...
2017-12-13 10:19:52 Restoring external:ubuntu-core-16-arm-64:tests/main/enable-disable...
2017-12-13 10:19:52 Preparing external:ubuntu-core-16-arm-64:tests/main/interfaces-content-mkdir-writable:snap...
2017-12-13 10:22:21 Executing external:ubuntu-core-16-arm-64:tests/main/interfaces-content-mkdir-writable:snap (94/162)...
2017-12-13 10:22:21 Restoring external:ubuntu-core-16-arm-64:tests/main/interfaces-content-mkdir-writable:snap...
2017-12-13 10:22:21 Preparing external:ubuntu-core-16-arm-64:tests/main/interfaces-alsa...
2017-12-13 10:24:50 Executing external:ubuntu-core-16-arm-64:tests/main/interfaces-alsa (95/162)...
2017-12-13 10:24:57 Restoring external:ubuntu-core-16-arm-64:tests/main/interfaces-alsa...
2017-12-13 10:24:58 Preparing external:ubuntu-core-16-arm-64:tests/main/interfaces-system-observe...
2017-12-13 10:28:03 Executing external:ubuntu-core-16-arm-64:tests/main/interfaces-system-observe (96/162)...
2017-12-13 10:28:15 Restoring external:ubuntu-core-16-arm-64:tests/main/interfaces-system-observe...
2017-12-13 10:28:15 Preparing external:ubuntu-core-16-arm-64:tests/main/searching...
2017-12-13 10:30:35 Executing external:ubuntu-core-16-arm-64:tests/main/searching (97/162)...
2017-12-13 10:30:40 Restoring external:ubuntu-core-16-arm-64:tests/main/searching...
2017-12-13 10:30:40 Preparing external:ubuntu-core-16-arm-64:tests/main/classic-confinement-not-supported...
2017-12-13 10:32:57 Executing external:ubuntu-core-16-arm-64:tests/main/classic-confinement-not-supported (98/162)...
2017-12-13 10:33:04 Restoring external:ubuntu-core-16-arm-64:tests/main/classic-confinement-not-supported...
2017-12-13 10:33:04 Preparing external:ubuntu-core-16-arm-64:tests/main/snap-seccomp...
2017-12-13 10:35:09 Executing external:ubuntu-core-16-arm-64:tests/main/snap-seccomp (99/162)...
2017-12-13 10:37:51 Restoring external:ubuntu-core-16-arm-64:tests/main/snap-seccomp...
2017-12-13 10:37:52 Preparing external:ubuntu-core-16-arm-64:tests/main/refresh-undo...
2017-12-13 10:40:06 Executing external:ubuntu-core-16-arm-64:tests/main/refresh-undo (100/162)...
2017-12-13 10:40:41 Restoring external:ubuntu-core-16-arm-64:tests/main/refresh-undo...
2017-12-13 10:40:41 Preparing external:ubuntu-core-16-arm-64:tests/main/help:find...
2017-12-13 10:42:52 Executing external:ubuntu-core-16-arm-64:tests/main/help:find (101/162)...
2017-12-13 10:42:53 Restoring external:ubuntu-core-16-arm-64:tests/main/help:find...
2017-12-13 10:42:53 Preparing external:ubuntu-core-16-arm-64:tests/main/interfaces-timezone-control...
2017-12-13 10:45:34 Executing external:ubuntu-core-16-arm-64:tests/main/interfaces-timezone-control (102/162)...
2017-12-13 10:45:42 Restoring external:ubuntu-core-16-arm-64:tests/main/interfaces-timezone-control...
2017-12-13 10:45:42 Preparing external:ubuntu-core-16-arm-64:tests/main/known...
2017-12-13 10:48:00 Executing external:ubuntu-core-16-arm-64:tests/main/known (103/162)...
2017-12-13 10:48:01 Restoring external:ubuntu-core-16-arm-64:tests/main/known...
2017-12-13 10:48:02 Preparing external:ubuntu-core-16-arm-64:tests/main/interfaces-content-mkdir-writable:data...
2017-12-13 10:50:51 Executing external:ubuntu-core-16-arm-64:tests/main/interfaces-content-mkdir-writable:data (104/162)...

2017-12-13 10:51:02 Restoring external:ubuntu-core-16-arm-64:tests/main/interfaces-content-mkdir-writable:data...
2017-12-13 10:51:02 Preparing external:ubuntu-core-16-arm-64:tests/main/interfaces-browser-support:disallow...
2017-12-13 10:53:30 Executing external:ubuntu-core-16-arm-64:tests/main/interfaces-browser-support:disallow (105/162)...
2017-12-13 10:53:39 Restoring external:ubuntu-core-16-arm-64:tests/main/interfaces-browser-support:disallow...
2017-12-13 10:53:39 Preparing external:ubuntu-core-16-arm-64:tests/main/snap-connect...
2017-12-13 10:56:10 Executing external:ubuntu-core-16-arm-64:tests/main/snap-connect (106/162)...
2017-12-13 10:57:07 Restoring external:ubuntu-core-16-arm-64:tests/main/snap-connect...
2017-12-13 10:57:08 Preparing external:ubuntu-core-16-arm-64:tests/main/snap-readme...
2017-12-13 10:59:17 Executing external:ubuntu-core-16-arm-64:tests/main/snap-readme (107/162)...
2017-12-13 10:59:18 Restoring external:ubuntu-core-16-arm-64:tests/main/snap-readme...
2017-12-13 10:59:18 Preparing external:ubuntu-core-16-arm-64:tests/main/ubuntu-core-apt...
2017-12-13 11:01:34 Executing external:ubuntu-core-16-arm-64:tests/main/ubuntu-core-apt (108/162)...
2017-12-13 11:01:34 Restoring external:ubuntu-core-16-arm-64:tests/main/ubuntu-core-apt...
2017-12-13 11:01:35 Preparing external:ubuntu-core-16-arm-64:tests/main/help:remove...
2017-12-13 11:03:40 Executing external:ubuntu-core-16-arm-64:tests/main/help:remove (109/162)...
2017-12-13 11:03:41 Restoring external:ubuntu-core-16-arm-64:tests/main/help:remove...
2017-12-13 11:03:41 Preparing external:ubuntu-core-16-arm-64:tests/main/econnreset...
2017-12-13 11:06:10 Executing external:ubuntu-core-16-arm-64:tests/main/econnreset (110/162)...
2017-12-13 11:06:22 Restoring external:ubuntu-core-16-arm-64:tests/main/econnreset...
2017-12-13 11:06:22 Preparing external:ubuntu-core-16-arm-64:tests/main/snap-discard-ns...
2017-12-13 11:08:46 Executing external:ubuntu-core-16-arm-64:tests/main/snap-discard-ns (111/162)...
2017-12-13 11:08:48 Restoring external:ubuntu-core-16-arm-64:tests/main/snap-discard-ns...
2017-12-13 11:08:48 Preparing external:ubuntu-core-16-arm-64:tests/main/revert-devmode:remote...
2017-12-13 11:11:20 Executing external:ubuntu-core-16-arm-64:tests/main/revert-devmode:remote (112/162)...
2017-12-13 11:12:24 Restoring external:ubuntu-core-16-arm-64:tests/main/revert-devmode:remote...
2017-12-13 11:12:24 Preparing external:ubuntu-core-16-arm-64:tests/main/debug-confinement...
2017-12-13 11:14:32 Executing external:ubuntu-core-16-arm-64:tests/main/debug-confinement (113/162)...
2017-12-13 11:14:33 Restoring external:ubuntu-core-16-arm-64:tests/main/debug-confinement...
2017-12-13 11:14:33 Preparing external:ubuntu-core-16-arm-64:tests/main/security-device-cgroups-devmode...
2017-12-13 11:17:06 Executing external:ubuntu-core-16-arm-64:tests/main/security-device-cgroups-devmode (114/162)...
2017-12-13 11:17:32 Restoring external:ubuntu-core-16-arm-64:tests/main/security-device-cgroups-devmode...
2017-12-13 11:17:32 Preparing external:ubuntu-core-16-arm-64:tests/main/ubuntu-core-classic...
2017-12-13 11:19:44 Executing external:ubuntu-core-16-arm-64:tests/main/ubuntu-core-classic (115/162)...
2017-12-13 11:24:44 WARNING: external:ubuntu-core-16-arm-64 running late. Current output:
-----
(... 99 lines above ...)
Get:20 http://ports.ubuntu.com/ubuntu-ports xenial-backports/main Translation-en [3220 B]
Get:21 http://ports.ubuntu.com/ubuntu-ports xenial-backports/universe arm64 Packages [5648 B]
Get:22 http://ports.ubuntu.com/ubuntu-ports xenial-backports/universe Translation-en [3768 B]
Get:23 http://ports.ubuntu.com/ubuntu-ports xenial-security/main arm64 Packages [307 kB]
Get:24 http://ports.ubuntu.com/ubuntu-ports xenial-security/main Translation-en [178 kB]
Get:25 http://ports.ubuntu.com/ubuntu-ports xenial-security/restricted Translation-en [2412 B]
Get:26 http://ports.ubuntu.com/ubuntu-ports xenial-security/universe arm64 Packages [175 kB]
Get:27 http://ports.ubuntu.com/ubuntu-ports xenial-security/universe Translation-en [98.3 kB]
Get:28 http://ports.ubuntu.com/ubuntu-ports xenial-security/multiverse arm64 Packages [604 B]
Get:29 http://ports.ubuntu.com/ubuntu-ports xenial-security/multiverse Translation-en [1408 B]
-----
.
2017-12-13 11:29:44 WARNING: external:ubuntu-core-16-arm-64 running late. Output unchanged.
2017-12-13 11:34:44 WARNING: external:ubuntu-core-16-arm-64 running late. Output unchanged.
2017-12-13 11:39:43 Error executing external:ubuntu-core-16-arm-64:tests/main/ubuntu-core-classic : 
-----
+ echo 'Ensure classic can be installed'
Ensure classic can be installed
+ snap install --devmode --beta classic
classic (beta) 16.04 from 'canonical' installed
+ snap list
+ MATCH classic
+ echo 'Check that classic can run commands inside classic'
Check that classic can run commands inside classic
+ classic test -f /var/lib/dpkg/status
Creating classic environment
Parallel unsquashfs: Using 4 processors
11874 inodes (13066 blocks) to write

[===========================================================/] 13066/13066 100%

created 9349 files
created 1454 directories
created 2436 symlinks
created 79 devices
created 0 fifos
(Reading database ... 13106 files and directories currently installed.)
Preparing to unpack .../archives/apt_1.2.24_arm64.deb ...
Unpacking apt (1.2.24) over (1.2.24) ...
Preparing to unpack .../base-files_9.4ubuntu4.5_arm64.deb ...
Unpacking base-files (9.4ubuntu4.5) over (9.4ubuntu4.5) ...
Preparing to unpack .../libapt-inst2.0_1.2.24_arm64.deb ...
Unpacking libapt-inst2.0:arm64 (1.2.24) over (1.2.24) ...
Preparing to unpack .../libapt-pkg5.0_1.2.24_arm64.deb ...
Unpacking libapt-pkg5.0:arm64 (1.2.24) over (1.2.24) ...
Selecting previously unselected package locales.
Preparing to unpack .../locales_2.23-0ubuntu9_all.deb ...
Unpacking locales (2.23-0ubuntu9) ...
Preparing to unpack .../lsb-release_9.20160110ubuntu0.2_all.deb ...
Unpacking lsb-release (9.20160110ubuntu0.2) over (9.20160110ubuntu0.2) ...
Preparing to unpack .../ubuntu-keyring_2012.05.19_all.deb ...
Unpacking ubuntu-keyring (2012.05.19) over (2012.05.19) ...
Setting up base-files (9.4ubuntu4.5) ...
Setting up libapt-pkg5.0:arm64 (1.2.24) ...
Setting up locales (2.23-0ubuntu9) ...
debconf: unable to initialize frontend: Dialog
debconf: (Dialog frontend will not work on a dumb terminal, an emacs shell buffer, or without a controlling terminal.)
debconf: falling back to frontend: Readline
debconf: unable to initialize frontend: Readline
debconf: (Can't locate Term/ReadLine.pm in @INC (you may need to install the Term::ReadLine module) (@INC contains: /etc/perl /usr/local/lib/aarch64-linux-gnu/perl/5.22.1 /usr/local/share/perl/5.22.1 /usr/lib/aarch64-linux-gnu/perl5/5.22 /usr/share/perl5 /usr/lib/aarch64-linux-gnu/perl/5.22 /usr/share/perl/5.22 /usr/local/lib/site_perl /usr/lib/aarch64-linux-gnu/perl-base .) at /usr/share/perl5/Debconf/FrontEnd/Readline.pm line 7.)
debconf: falling back to frontend: Teletype
Generating locales (this might take a while)...
Generation complete.
Setting up lsb-release (9.20160110ubuntu0.2) ...
Setting up ubuntu-keyring (2012.05.19) ...
gpg: key 437D05B5: "Ubuntu Archive Automatic Signing Key <ftpmaster@ubuntu.com>" not changed
gpg: key FBB75451: "Ubuntu CD Image Automatic Signing Key <cdimage@ubuntu.com>" not changed
gpg: key C0B21F32: "Ubuntu Archive Automatic Signing Key (2012) <ftpmaster@ubuntu.com>" not changed
gpg: key EFE21092: "Ubuntu CD Image Automatic Signing Key (2012) <cdimage@ubuntu.com>" not changed
gpg: Total number processed: 4
gpg:              unchanged: 4
Setting up apt (1.2.24) ...
Setting up libapt-inst2.0:arm64 (1.2.24) ...
Processing triggers for libc-bin (2.23-0ubuntu9) ...
(Reading database ... 13703 files and directories currently installed.)
Preparing to unpack .../base-files_9.4ubuntu4.5_arm64.deb ...
Unpacking base-files (9.4ubuntu4.5) over (9.4ubuntu4.5) ...
Setting up base-files (9.4ubuntu4.5) ...

Configuration file '/etc/issue'
 ==> Modified (by you or by a script) since installation.
     Version in package is the same as at last installation.
 ==> Using new file as you requested.
Installing new version of config file /etc/issue ...

Configuration file '/etc/issue.net'
 ==> Modified (by you or by a script) since installation.
     Version in package is the same as at last installation.
 ==> Using new file as you requested.
Installing new version of config file /etc/issue.net ...

Configuration file '/etc/lsb-release'
 ==> Modified (by you or by a script) since installation.
     Version in package is the same as at last installation.
 ==> Using new file as you requested.
Installing new version of config file /etc/lsb-release ...
Get:1 http://ports.ubuntu.com/ubuntu-ports xenial InRelease [247 kB]
Get:2 http://ports.ubuntu.com/ubuntu-ports xenial-updates InRelease [102 kB]
Get:3 http://ports.ubuntu.com/ubuntu-ports xenial-backports InRelease [102 kB]
Get:4 http://ports.ubuntu.com/ubuntu-ports xenial-security InRelease [102 kB]
Get:5 http://ports.ubuntu.com/ubuntu-ports xenial/main arm64 Packages [1130 kB]
Get:6 http://ports.ubuntu.com/ubuntu-ports xenial/main Translation-en [568 kB]
Get:7 http://ports.ubuntu.com/ubuntu-ports xenial/restricted Translation-en [2908 B]
Get:8 http://ports.ubuntu.com/ubuntu-ports xenial/universe arm64 Packages [7275 kB]
Get:9 http://ports.ubuntu.com/ubuntu-ports xenial/universe Translation-en [4354 kB]
Get:10 http://ports.ubuntu.com/ubuntu-ports xenial/multiverse arm64 Packages [120 kB]
Get:11 http://ports.ubuntu.com/ubuntu-ports xenial/multiverse Translation-en [106 kB]
Get:12 http://ports.ubuntu.com/ubuntu-ports xenial-updates/main arm64 Packages [561 kB]
Get:13 http://ports.ubuntu.com/ubuntu-ports xenial-updates/main Translation-en [283 kB]
Get:14 http://ports.ubuntu.com/ubuntu-ports xenial-updates/restricted Translation-en [2672 B]
Get:15 http://ports.ubuntu.com/ubuntu-ports xenial-updates/universe arm64 Packages [501 kB]
Get:16 http://ports.ubuntu.com/ubuntu-ports xenial-updates/universe Translation-en [229 kB]
Get:17 http://ports.ubuntu.com/ubuntu-ports xenial-updates/multiverse arm64 Packages [10.7 kB]
Get:18 http://ports.ubuntu.com/ubuntu-ports xenial-updates/multiverse Translation-en [8052 B]
Get:19 http://ports.ubuntu.com/ubuntu-ports xenial-backports/main arm64 Packages [4844 B]
Get:20 http://ports.ubuntu.com/ubuntu-ports xenial-backports/main Translation-en [3220 B]
Get:21 http://ports.ubuntu.com/ubuntu-ports xenial-backports/universe arm64 Packages [5648 B]
Get:22 http://ports.ubuntu.com/ubuntu-ports xenial-backports/universe Translation-en [3768 B]
Get:23 http://ports.ubuntu.com/ubuntu-ports xenial-security/main arm64 Packages [307 kB]
Get:24 http://ports.ubuntu.com/ubuntu-ports xenial-security/main Translation-en [178 kB]
Get:25 http://ports.ubuntu.com/ubuntu-ports xenial-security/restricted Translation-en [2412 B]
Get:26 http://ports.ubuntu.com/ubuntu-ports xenial-security/universe arm64 Packages [175 kB]
Get:27 http://ports.ubuntu.com/ubuntu-ports xenial-security/universe Translation-en [98.3 kB]
Get:28 http://ports.ubuntu.com/ubuntu-ports xenial-security/multiverse arm64 Packages [604 B]
Get:29 http://ports.ubuntu.com/ubuntu-ports xenial-security/multiverse Translation-en [1408 B]

<kill-timeout reached>
-----
.
2017-12-13 11:44:43 WARNING: external:ubuntu-core-16-arm-64 running late. Output still empty.
2017-12-13 11:49:43 WARNING: external:ubuntu-core-16-arm-64 running late. Current output:
-----
+ '[' 1 = 1 ']'
+ echo '# journal messages for snapd'
# journal messages for snapd
+ journalctl -u snapd
-----
.
2017-12-13 11:54:43 WARNING: external:ubuntu-core-16-arm-64 running late. Output unchanged.
2017-12-13 11:59:42 Error debugging external:ubuntu-core-16-arm-64:tests/main/ubuntu-core-classic : 
-----
+ '[' 1 = 1 ']'
+ echo '# journal messages for snapd'
# journal messages for snapd
+ journalctl -u snapd
-- Logs begin at Wed 2017-12-13 11:35:32 UTC, end at Wed 2017-12-13 11:58:59 UTC. --
Dec 13 11:35:54 localhost.localdomain systemd[1]: snapd.service: Start operation timed out. Terminating.
Dec 13 11:36:13 localhost.localdomain systemd[1]: Failed to start Snappy daemon.
Dec 13 11:36:13 localhost.localdomain systemd[1]: snapd.service: Unit entered failed state.
Dec 13 11:36:13 localhost.localdomain systemd[1]: snapd.service: Failed with result 'timeout'.
Dec 13 11:36:13 localhost.localdomain systemd[1]: snapd.service: Service hold-off time over, scheduling restart.
Dec 13 11:36:13 localhost.localdomain systemd[1]: Stopped Snappy daemon.
Dec 13 11:36:13 localhost.localdomain systemd[1]: Starting Snappy daemon...
Dec 13 11:36:14 localhost.localdomain snapd[4378]: AppArmor status: apparmor is enabled and all features are available
Dec 13 11:37:04 localhost.localdomain snapd[4378]: error: read /var/lib/snapd/state.json: input/output error
Dec 13 11:37:04 localhost.localdomain systemd[1]: snapd.service: Main process exited, code=exited, status=1/FAILURE
Dec 13 11:37:04 localhost.localdomain systemd[1]: Failed to start Snappy daemon.
Dec 13 11:37:04 localhost.localdomain systemd[1]: snapd.service: Unit entered failed state.
Dec 13 11:37:04 localhost.localdomain systemd[1]: snapd.service: Failed with result 'exit-code'.
Dec 13 11:37:04 localhost.localdomain systemd[1]: snapd.service: Service hold-off time over, scheduling restart.
Dec 13 11:37:04 localhost.localdomain systemd[1]: Stopped Snappy daemon.
Dec 13 11:37:04 localhost.localdomain systemd[1]: Starting Snappy daemon...
Dec 13 11:37:05 localhost.localdomain snapd[4390]: AppArmor status: apparmor is enabled and all features are available
Dec 13 11:37:55 localhost.localdomain snapd[4390]: error: read /var/lib/snapd/state.json: input/output error
Dec 13 11:37:55 localhost.localdomain systemd[1]: snapd.service: Main process exited, code=exited, status=1/FAILURE
Dec 13 11:37:55 localhost.localdomain systemd[1]: Failed to start Snappy daemon.
Dec 13 11:37:55 localhost.localdomain systemd[1]: snapd.service: Unit entered failed state.
Dec 13 11:37:55 localhost.localdomain systemd[1]: snapd.service: Failed with result 'exit-code'.
Dec 13 11:37:55 localhost.localdomain systemd[1]: snapd.service: Service hold-off time over, scheduling restart.
Dec 13 11:37:55 localhost.localdomain systemd[1]: Stopped Snappy daemon.
Dec 13 11:37:55 localhost.localdomain systemd[1]: Starting Snappy daemon...
Dec 13 11:37:56 localhost.localdomain snapd[4403]: AppArmor status: apparmor is enabled and all features are available
Dec 13 11:38:46 localhost.localdomain snapd[4403]: error: read /var/lib/snapd/state.json: input/output error
Dec 13 11:38:46 localhost.localdomain systemd[1]: snapd.service: Main process exited, code=exited, status=1/FAILURE
Dec 13 11:38:46 localhost.localdomain systemd[1]: Failed to start Snappy daemon.
Dec 13 11:38:46 localhost.localdomain systemd[1]: snapd.service: Unit entered failed state.
Dec 13 11:38:46 localhost.localdomain systemd[1]: snapd.service: Failed with result 'exit-code'.
Dec 13 11:38:47 localhost.localdomain systemd[1]: snapd.service: Service hold-off time over, scheduling restart.
Dec 13 11:38:47 localhost.localdomain systemd[1]: Stopped Snappy daemon.
Dec 13 11:38:47 localhost.localdomain systemd[1]: Starting Snappy daemon...
Dec 13 11:38:47 localhost.localdomain snapd[4415]: AppArmor status: apparmor is enabled and all features are available
Dec 13 11:39:37 localhost.localdomain snapd[4415]: error: read /var/lib/snapd/state.json: input/output error
Dec 13 11:39:37 localhost.localdomain systemd[1]: snapd.service: Main process exited, code=exited, status=1/FAILURE
Dec 13 11:39:37 localhost.localdomain systemd[1]: Failed to start Snappy daemon.
Dec 13 11:39:37 localhost.localdomain systemd[1]: snapd.service: Unit entered failed state.
Dec 13 11:39:37 localhost.localdomain systemd[1]: snapd.service: Failed with result 'exit-code'.
Dec 13 11:39:38 localhost.localdomain systemd[1]: snapd.service: Service hold-off time over, scheduling restart.
Dec 13 11:39:38 localhost.localdomain systemd[1]: Stopped Snappy daemon.
Dec 13 11:39:38 localhost.localdomain systemd[1]: Starting Snappy daemon...
Dec 13 11:39:38 localhost.localdomain snapd[4426]: AppArmor status: apparmor is enabled and all features are available
Dec 13 11:40:28 localhost.localdomain snapd[4426]: error: read /var/lib/snapd/state.json: input/output error
Dec 13 11:40:28 localhost.localdomain systemd[1]: snapd.service: Main process exited, code=exited, status=1/FAILURE
Dec 13 11:40:28 localhost.localdomain systemd[1]: Failed to start Snappy daemon.
Dec 13 11:40:28 localhost.localdomain systemd[1]: snapd.service: Unit entered failed state.
Dec 13 11:40:28 localhost.localdomain systemd[1]: snapd.service: Failed with result 'exit-code'.
Dec 13 11:40:29 localhost.localdomain systemd[1]: snapd.service: Service hold-off time over, scheduling restart.
Dec 13 11:40:29 localhost.localdomain systemd[1]: Stopped Snappy daemon.
Dec 13 11:40:29 localhost.localdomain systemd[1]: Starting Snappy daemon...
Dec 13 11:40:29 localhost.localdomain snapd[4438]: AppArmor status: apparmor is enabled and all features are available
Dec 13 11:40:59 localhost.localdomain snapd[4438]: error: read /var/lib/snapd/state.json: input/output error
Dec 13 11:40:59 localhost.localdomain systemd[1]: snapd.service: Main process exited, code=exited, status=1/FAILURE
Dec 13 11:40:59 localhost.localdomain systemd[1]: Failed to start Snappy daemon.
Dec 13 11:40:59 localhost.localdomain systemd[1]: snapd.service: Unit entered failed state.
Dec 13 11:40:59 localhost.localdomain systemd[1]: snapd.service: Failed with result 'exit-code'.
Dec 13 11:40:59 localhost.localdomain systemd[1]: snapd.service: Service hold-off time over, scheduling restart.
Dec 13 11:40:59 localhost.localdomain systemd[1]: Stopped Snappy daemon.
Dec 13 11:40:59 localhost.localdomain systemd[1]: Starting Snappy daemon...
Dec 13 11:40:59 localhost.localdomain snapd[4450]: AppArmor status: apparmor is enabled and all features are available
Dec 13 11:42:00 localhost.localdomain snapd[4450]: error: read /var/lib/snapd/state.json: input/output error
Dec 13 11:42:00 localhost.localdomain systemd[1]: snapd.service: Main process exited, code=exited, status=1/FAILURE
Dec 13 11:42:00 localhost.localdomain systemd[1]: Failed to start Snappy daemon.
Dec 13 11:42:00 localhost.localdomain systemd[1]: snapd.service: Unit entered failed state.
Dec 13 11:42:00 localhost.localdomain systemd[1]: snapd.service: Failed with result 'exit-code'.
Dec 13 11:42:00 localhost.localdomain systemd[1]: snapd.service: Service hold-off time over, scheduling restart.
Dec 13 11:42:00 localhost.localdomain systemd[1]: Stopped Snappy daemon.
Dec 13 11:42:00 localhost.localdomain systemd[1]: Starting Snappy daemon...
Dec 13 11:42:00 localhost.localdomain snapd[4462]: AppArmor status: apparmor is enabled and all features are available
Dec 13 11:42:51 localhost.localdomain snapd[4462]: error: read /var/lib/snapd/state.json: input/output error
Dec 13 11:42:51 localhost.localdomain systemd[1]: snapd.service: Main process exited, code=exited, status=1/FAILURE
Dec 13 11:42:51 localhost.localdomain systemd[1]: Failed to start Snappy daemon.
Dec 13 11:42:51 localhost.localdomain systemd[1]: snapd.service: Unit entered failed state.
Dec 13 11:42:51 localhost.localdomain systemd[1]: snapd.service: Failed with result 'exit-code'.
Dec 13 11:42:51 localhost.localdomain systemd[1]: snapd.service: Service hold-off time over, scheduling restart.
Dec 13 11:42:51 localhost.localdomain systemd[1]: Stopped Snappy daemon.
Dec 13 11:42:51 localhost.localdomain systemd[1]: Starting Snappy daemon...
Dec 13 11:42:51 localhost.localdomain snapd[4474]: AppArmor status: apparmor is enabled and all features are available
Dec 13 11:43:52 localhost.localdomain snapd[4474]: error: read /var/lib/snapd/state.json: input/output error
Dec 13 11:43:52 localhost.localdomain systemd[1]: snapd.service: Main process exited, code=exited, status=1/FAILURE
Dec 13 11:43:52 localhost.localdomain systemd[1]: Failed to start Snappy daemon.
Dec 13 11:43:52 localhost.localdomain systemd[1]: snapd.service: Unit entered failed state.
Dec 13 11:43:52 localhost.localdomain systemd[1]: snapd.service: Failed with result 'exit-code'.
Dec 13 11:43:52 localhost.localdomain systemd[1]: snapd.service: Service hold-off time over, scheduling restart.
Dec 13 11:43:52 localhost.localdomain systemd[1]: Stopped Snappy daemon.
Dec 13 11:43:52 localhost.localdomain systemd[1]: Starting Snappy daemon...
Dec 13 11:43:52 localhost.localdomain snapd[4489]: AppArmor status: apparmor is enabled and all features are available
Dec 13 11:44:53 localhost.localdomain snapd[4489]: error: read /var/lib/snapd/state.json: input/output error
Dec 13 11:44:53 localhost.localdomain systemd[1]: snapd.service: Main process exited, code=exited, status=1/FAILURE
Dec 13 11:44:53 localhost.localdomain systemd[1]: Failed to start Snappy daemon.
Dec 13 11:44:53 localhost.localdomain systemd[1]: snapd.service: Unit entered failed state.
Dec 13 11:44:53 localhost.localdomain systemd[1]: snapd.service: Failed with result 'exit-code'.
Dec 13 11:44:54 localhost.localdomain systemd[1]: snapd.service: Service hold-off time over, scheduling restart.
Dec 13 11:44:54 localhost.localdomain systemd[1]: Stopped Snappy daemon.
Dec 13 11:44:54 localhost.localdomain systemd[1]: Starting Snappy daemon...
Dec 13 11:44:54 localhost.localdomain snapd[4500]: AppArmor status: apparmor is enabled and all features are available
Dec 13 11:45:54 localhost.localdomain snapd[4500]: error: read /var/lib/snapd/state.json: input/output error
Dec 13 11:45:54 localhost.localdomain systemd[1]: snapd.service: Main process exited, code=exited, status=1/FAILURE
Dec 13 11:45:54 localhost.localdomain systemd[1]: Failed to start Snappy daemon.
Dec 13 11:45:54 localhost.localdomain systemd[1]: snapd.service: Unit entered failed state.
Dec 13 11:45:54 localhost.localdomain systemd[1]: snapd.service: Failed with result 'exit-code'.
Dec 13 11:45:55 localhost.localdomain systemd[1]: snapd.service: Service hold-off time over, scheduling restart.
Dec 13 11:45:55 localhost.localdomain systemd[1]: Stopped Snappy daemon.
Dec 13 11:45:55 localhost.localdomain systemd[1]: Starting Snappy daemon...
Dec 13 11:45:55 localhost.localdomain snapd[4511]: AppArmor status: apparmor is enabled and all features are available
Dec 13 11:46:56 localhost.localdomain snapd[4511]: error: read /var/lib/snapd/state.json: input/output error
Dec 13 11:46:56 localhost.localdomain systemd[1]: snapd.service: Main process exited, code=exited, status=1/FAILURE
Dec 13 11:46:56 localhost.localdomain systemd[1]: Failed to start Snappy daemon.
Dec 13 11:46:56 localhost.localdomain systemd[1]: snapd.service: Unit entered failed state.
Dec 13 11:46:56 localhost.localdomain systemd[1]: snapd.service: Failed with result 'exit-code'.
Dec 13 11:46:56 localhost.localdomain systemd[1]: snapd.service: Service hold-off time over, scheduling restart.
Dec 13 11:46:56 localhost.localdomain systemd[1]: Stopped Snappy daemon.
Dec 13 11:46:56 localhost.localdomain systemd[1]: Starting Snappy daemon...
Dec 13 11:46:56 localhost.localdomain snapd[4523]: AppArmor status: apparmor is enabled and all features are available
Dec 13 11:47:26 localhost.localdomain snapd[4523]: error: read /var/lib/snapd/state.json: input/output error
Dec 13 11:47:26 localhost.localdomain systemd[1]: snapd.service: Main process exited, code=exited, status=1/FAILURE
Dec 13 11:47:26 localhost.localdomain systemd[1]: Failed to start Snappy daemon.
Dec 13 11:47:26 localhost.localdomain systemd[1]: snapd.service: Unit entered failed state.
Dec 13 11:47:26 localhost.localdomain systemd[1]: snapd.service: Failed with result 'exit-code'.
Dec 13 11:47:26 localhost.localdomain systemd[1]: snapd.service: Service hold-off time over, scheduling restart.
Dec 13 11:47:26 localhost.localdomain systemd[1]: Stopped Snappy daemon.
Dec 13 11:47:26 localhost.localdomain systemd[1]: Starting Snappy daemon...
Dec 13 11:47:26 localhost.localdomain snapd[4535]: AppArmor status: apparmor is enabled and all features are available
Dec 13 11:47:57 localhost.localdomain snapd[4535]: error: read /var/lib/snapd/state.json: input/output error
Dec 13 11:47:57 localhost.localdomain systemd[1]: snapd.service: Main process exited, code=exited, status=1/FAILURE
Dec 13 11:47:57 localhost.localdomain systemd[1]: Failed to start Snappy daemon.
Dec 13 11:47:57 localhost.localdomain systemd[1]: snapd.service: Unit entered failed state.
Dec 13 11:47:57 localhost.localdomain systemd[1]: snapd.service: Failed with result 'exit-code'.
Dec 13 11:47:57 localhost.localdomain systemd[1]: snapd.service: Service hold-off time over, scheduling restart.
Dec 13 11:47:57 localhost.localdomain systemd[1]: Stopped Snappy daemon.
Dec 13 11:47:57 localhost.localdomain systemd[1]: Starting Snappy daemon...
Dec 13 11:47:57 localhost.localdomain snapd[4549]: AppArmor status: apparmor is enabled and all features are available
Dec 13 11:48:58 localhost.localdomain snapd[4549]: error: read /var/lib/snapd/state.json: input/output error
Dec 13 11:48:58 localhost.localdomain systemd[1]: snapd.service: Main process exited, code=exited, status=1/FAILURE
Dec 13 11:48:58 localhost.localdomain systemd[1]: Failed to start Snappy daemon.
Dec 13 11:48:58 localhost.localdomain systemd[1]: snapd.service: Unit entered failed state.
Dec 13 11:48:58 localhost.localdomain systemd[1]: snapd.service: Failed with result 'exit-code'.
Dec 13 11:48:58 localhost.localdomain systemd[1]: snapd.service: Service hold-off time over, scheduling restart.
Dec 13 11:48:58 localhost.localdomain systemd[1]: Stopped Snappy daemon.
Dec 13 11:48:58 localhost.localdomain systemd[1]: Starting Snappy daemon...
Dec 13 11:48:58 localhost.localdomain snapd[4564]: AppArmor status: apparmor is enabled and all features are available
Dec 13 11:49:28 localhost.localdomain snapd[4564]: error: read /var/lib/snapd/state.json: input/output error
Dec 13 11:49:28 localhost.localdomain systemd[1]: snapd.service: Main process exited, code=exited, status=1/FAILURE
Dec 13 11:49:28 localhost.localdomain systemd[1]: Failed to start Snappy daemon.
Dec 13 11:49:28 localhost.localdomain systemd[1]: snapd.service: Unit entered failed state.
Dec 13 11:49:28 localhost.localdomain systemd[1]: snapd.service: Failed with result 'exit-code'.
Dec 13 11:49:29 localhost.localdomain systemd[1]: snapd.service: Service hold-off time over, scheduling restart.
Dec 13 11:49:29 localhost.localdomain systemd[1]: Stopped Snappy daemon.
Dec 13 11:49:29 localhost.localdomain systemd[1]: Starting Snappy daemon...
Dec 13 11:49:29 localhost.localdomain snapd[4575]: AppArmor status: apparmor is enabled and all features are available
Dec 13 11:49:59 localhost.localdomain snapd[4575]: error: read /var/lib/snapd/state.json: input/output error
Dec 13 11:49:59 localhost.localdomain systemd[1]: snapd.service: Main process exited, code=exited, status=1/FAILURE
Dec 13 11:49:59 localhost.localdomain systemd[1]: Failed to start Snappy daemon.
Dec 13 11:49:59 localhost.localdomain systemd[1]: snapd.service: Unit entered failed state.
Dec 13 11:49:59 localhost.localdomain systemd[1]: snapd.service: Failed with result 'exit-code'.
Dec 13 11:49:59 localhost.localdomain systemd[1]: snapd.service: Service hold-off time over, scheduling restart.
Dec 13 11:49:59 localhost.localdomain systemd[1]: Stopped Snappy daemon.
Dec 13 11:49:59 localhost.localdomain systemd[1]: Starting Snappy daemon...
Dec 13 11:49:59 localhost.localdomain snapd[4586]: AppArmor status: apparmor is enabled and all features are available
Dec 13 11:50:30 localhost.localdomain snapd[4586]: error: read /var/lib/snapd/state.json: input/output error
Dec 13 11:50:30 localhost.localdomain systemd[1]: snapd.service: Main process exited, code=exited, status=1/FAILURE
Dec 13 11:50:30 localhost.localdomain systemd[1]: Failed to start Snappy daemon.
Dec 13 11:50:30 localhost.localdomain systemd[1]: snapd.service: Unit entered failed state.
Dec 13 11:50:30 localhost.localdomain systemd[1]: snapd.service: Failed with result 'exit-code'.
Dec 13 11:50:30 localhost.localdomain systemd[1]: snapd.service: Service hold-off time over, scheduling restart.
Dec 13 11:50:30 localhost.localdomain systemd[1]: Stopped Snappy daemon.
Dec 13 11:50:30 localhost.localdomain systemd[1]: Starting Snappy daemon...
Dec 13 11:50:30 localhost.localdomain snapd[4597]: AppArmor status: apparmor is enabled and all features are available
Dec 13 11:51:00 localhost.localdomain snapd[4597]: error: read /var/lib/snapd/state.json: input/output error
Dec 13 11:51:00 localhost.localdomain systemd[1]: snapd.service: Main process exited, code=exited, status=1/FAILURE
Dec 13 11:51:00 localhost.localdomain systemd[1]: Failed to start Snappy daemon.
Dec 13 11:51:00 localhost.localdomain systemd[1]: snapd.service: Unit entered failed state.
Dec 13 11:51:00 localhost.localdomain systemd[1]: snapd.service: Failed with result 'exit-code'.
Dec 13 11:51:00 localhost.localdomain systemd[1]: snapd.service: Service hold-off time over, scheduling restart.
Dec 13 11:51:00 localhost.localdomain systemd[1]: Stopped Snappy daemon.
Dec 13 11:51:00 localhost.localdomain systemd[1]: Starting Snappy daemon...
Dec 13 11:51:01 localhost.localdomain snapd[4611]: AppArmor status: apparmor is enabled and all features are available
Dec 13 11:51:31 localhost.localdomain snapd[4611]: error: read /var/lib/snapd/state.json: input/output error
Dec 13 11:51:31 localhost.localdomain systemd[1]: snapd.service: Main process exited, code=exited, status=1/FAILURE
Dec 13 11:51:31 localhost.localdomain systemd[1]: Failed to start Snappy daemon.
Dec 13 11:51:31 localhost.localdomain systemd[1]: snapd.service: Unit entered failed state.
Dec 13 11:51:31 localhost.localdomain systemd[1]: snapd.service: Failed with result 'exit-code'.
Dec 13 11:51:31 localhost.localdomain systemd[1]: snapd.service: Service hold-off time over, scheduling restart.
Dec 13 11:51:31 localhost.localdomain systemd[1]: Stopped Snappy daemon.
Dec 13 11:51:31 localhost.localdomain systemd[1]: Starting Snappy daemon...
Dec 13 11:51:31 localhost.localdomain snapd[4622]: AppArmor status: apparmor is enabled and all features are available
Dec 13 11:52:32 localhost.localdomain snapd[4622]: error: read /var/lib/snapd/state.json: input/output error
Dec 13 11:52:32 localhost.localdomain systemd[1]: snapd.service: Main process exited, code=exited, status=1/FAILURE
Dec 13 11:52:32 localhost.localdomain systemd[1]: Failed to start Snappy daemon.
Dec 13 11:52:32 localhost.localdomain systemd[1]: snapd.service: Unit entered failed state.
Dec 13 11:52:32 localhost.localdomain systemd[1]: snapd.service: Failed with result 'exit-code'.
Dec 13 11:52:32 localhost.localdomain systemd[1]: snapd.service: Service hold-off time over, scheduling restart.
Dec 13 11:52:32 localhost.localdomain systemd[1]: Stopped Snappy daemon.
Dec 13 11:52:32 localhost.localdomain systemd[1]: Starting Snappy daemon...
Dec 13 11:52:32 localhost.localdomain snapd[4635]: AppArmor status: apparmor is enabled and all features are available
Dec 13 11:53:23 localhost.localdomain snapd[4635]: error: read /var/lib/snapd/state.json: input/output error
Dec 13 11:53:23 localhost.localdomain systemd[1]: snapd.service: Main process exited, code=exited, status=1/FAILURE
Dec 13 11:53:23 localhost.localdomain systemd[1]: Failed to start Snappy daemon.
Dec 13 11:53:23 localhost.localdomain systemd[1]: snapd.service: Unit entered failed state.
Dec 13 11:53:23 localhost.localdomain systemd[1]: snapd.service: Failed with result 'exit-code'.
Dec 13 11:53:23 localhost.localdomain systemd[1]: snapd.service: Service hold-off time over, scheduling restart.
Dec 13 11:53:23 localhost.localdomain systemd[1]: Stopped Snappy daemon.
Dec 13 11:53:23 localhost.localdomain systemd[1]: Starting Snappy daemon...
Dec 13 11:53:23 localhost.localdomain snapd[4647]: AppArmor status: apparmor is enabled and all features are available
Dec 13 11:54:13 localhost.localdomain snapd[4647]: error: read /var/lib/snapd/state.json: input/output error
Dec 13 11:54:13 localhost.localdomain systemd[1]: snapd.service: Main process exited, code=exited, status=1/FAILURE
Dec 13 11:54:13 localhost.localdomain systemd[1]: Failed to start Snappy daemon.
Dec 13 11:54:13 localhost.localdomain systemd[1]: snapd.service: Unit entered failed state.
Dec 13 11:54:13 localhost.localdomain systemd[1]: snapd.service: Failed with result 'exit-code'.
Dec 13 11:54:14 localhost.localdomain systemd[1]: snapd.service: Service hold-off time over, scheduling restart.
Dec 13 11:54:14 localhost.localdomain systemd[1]: Stopped Snappy daemon.
Dec 13 11:54:14 localhost.localdomain systemd[1]: Starting Snappy daemon...
Dec 13 11:54:14 localhost.localdomain snapd[4670]: AppArmor status: apparmor is enabled and all features are available
Dec 13 11:55:04 localhost.localdomain snapd[4670]: error: read /var/lib/snapd/state.json: input/output error
Dec 13 11:55:04 localhost.localdomain systemd[1]: snapd.service: Main process exited, code=exited, status=1/FAILURE
Dec 13 11:55:04 localhost.localdomain systemd[1]: Failed to start Snappy daemon.
Dec 13 11:55:04 localhost.localdomain systemd[1]: snapd.service: Unit entered failed state.
Dec 13 11:55:04 localhost.localdomain systemd[1]: snapd.service: Failed with result 'exit-code'.
Dec 13 11:55:04 localhost.localdomain systemd[1]: snapd.service: Service hold-off time over, scheduling restart.
Dec 13 11:55:04 localhost.localdomain systemd[1]: Stopped Snappy daemon.
Dec 13 11:55:04 localhost.localdomain systemd[1]: Starting Snappy daemon...
Dec 13 11:55:05 localhost.localdomain snapd[4681]: AppArmor status: apparmor is enabled and all features are available
Dec 13 11:55:55 localhost.localdomain snapd[4681]: error: read /var/lib/snapd/state.json: input/output error
Dec 13 11:55:55 localhost.localdomain systemd[1]: snapd.service: Main process exited, code=exited, status=1/FAILURE
Dec 13 11:55:55 localhost.localdomain systemd[1]: Failed to start Snappy daemon.
Dec 13 11:55:55 localhost.localdomain systemd[1]: snapd.service: Unit entered failed state.
Dec 13 11:55:55 localhost.localdomain systemd[1]: snapd.service: Failed with result 'exit-code'.
Dec 13 11:55:55 localhost.localdomain systemd[1]: snapd.service: Service hold-off time over, scheduling restart.
Dec 13 11:55:55 localhost.localdomain systemd[1]: Stopped Snappy daemon.
Dec 13 11:55:55 localhost.localdomain systemd[1]: Starting Snappy daemon...
Dec 13 11:55:56 localhost.localdomain snapd[4691]: AppArmor status: apparmor is enabled and all features are available
Dec 13 11:56:46 localhost.localdomain snapd[4691]: error: read /var/lib/snapd/state.json: input/output error
Dec 13 11:56:46 localhost.localdomain systemd[1]: snapd.service: Main process exited, code=exited, status=1/FAILURE
Dec 13 11:56:46 localhost.localdomain systemd[1]: Failed to start Snappy daemon.
Dec 13 11:56:46 localhost.localdomain systemd[1]: snapd.service: Unit entered failed state.
Dec 13 11:56:46 localhost.localdomain systemd[1]: snapd.service: Failed with result 'exit-code'.
Dec 13 11:56:46 localhost.localdomain systemd[1]: snapd.service: Service hold-off time over, scheduling restart.
Dec 13 11:56:46 localhost.localdomain systemd[1]: Stopped Snappy daemon.
Dec 13 11:56:46 localhost.localdomain systemd[1]: Starting Snappy daemon...
Dec 13 11:56:47 localhost.localdomain snapd[4703]: AppArmor status: apparmor is enabled and all features are available
Dec 13 11:57:37 localhost.localdomain snapd[4703]: error: read /var/lib/snapd/state.json: input/output error
Dec 13 11:57:37 localhost.localdomain systemd[1]: snapd.service: Main process exited, code=exited, status=1/FAILURE
Dec 13 11:57:37 localhost.localdomain systemd[1]: Failed to start Snappy daemon.
Dec 13 11:57:37 localhost.localdomain systemd[1]: snapd.service: Unit entered failed state.
Dec 13 11:57:37 localhost.localdomain systemd[1]: snapd.service: Failed with result 'exit-code'.
Dec 13 11:57:37 localhost.localdomain systemd[1]: snapd.service: Service hold-off time over, scheduling restart.
Dec 13 11:57:37 localhost.localdomain systemd[1]: Stopped Snappy daemon.
Dec 13 11:57:37 localhost.localdomain systemd[1]: Starting Snappy daemon...
Dec 13 11:57:37 localhost.localdomain snapd[4715]: AppArmor status: apparmor is enabled and all features are available
Dec 13 11:58:38 localhost.localdomain snapd[4715]: error: read /var/lib/snapd/state.json: input/output error
Dec 13 11:58:38 localhost.localdomain systemd[1]: snapd.service: Main process exited, code=exited, status=1/FAILURE
Dec 13 11:58:38 localhost.localdomain systemd[1]: Failed to start Snappy daemon.
Dec 13 11:58:38 localhost.localdomain systemd[1]: snapd.service: Unit entered failed state.
Dec 13 11:58:38 localhost.localdomain systemd[1]: snapd.service: Failed with result 'exit-code'.
Dec 13 11:58:39 localhost.localdomain systemd[1]: snapd.service: Service hold-off time over, scheduling restart.
Dec 13 11:58:39 localhost.localdomain systemd[1]: Stopped Snappy daemon.
Dec 13 11:58:39 localhost.localdomain systemd[1]: Starting Snappy daemon...
Dec 13 11:58:39 localhost.localdomain snapd[4728]: AppArmor status: apparmor is enabled and all features are available
+ echo '# apparmor denials '
# apparmor denials 
+ dmesg --ctime
+ grep DENIED
+ true
+ echo '# seccomp denials (kills) '
# seccomp denials (kills) 
+ dmesg --ctime
+ grep type=1326
+ true
+ echo '# snap interfaces'
# snap interfaces
+ snap interfaces

<kill-timeout reached>
-----
.
2017-12-13 11:59:42 Restoring external:ubuntu-core-16-arm-64:tests/main/ubuntu-core-classic...
2017-12-13 12:00:36 Error restoring external:ubuntu-core-16-arm-64:tests/main/ubuntu-core-classic : 
-----
+ rm -f /etc/sudoers.d/create-test
rm: cannot remove '/etc/sudoers.d/create-test': Read-only file system
-----
.
2017-12-13 12:00:36 Restoring external:ubuntu-core-16-arm-64:tests/main/...
2017-12-13 12:02:38 Error restoring external:ubuntu-core-16-arm-64:tests/main/ : 
-----
+ /home/gopath/src/github.com/snapcore/snapd/tests/lib/reset.sh --store
/bin/bash: line 60: /home/gopath/src/github.com/snapcore/snapd/tests/lib/reset.sh: No such file or directory
-----
.
2017-12-13 12:02:38 Restoring project on external:ubuntu-core-16-arm-64...
2017-12-13 12:03:09 Error restoring project on external:ubuntu-core-16-arm-64 : 
-----
+ /home/gopath/src/github.com/snapcore/snapd/tests/lib/prepare-restore.sh --restore-project
/bin/bash: line 60: /home/gopath/src/github.com/snapcore/snapd/tests/lib/prepare-restore.sh: No such file or directory
-----
.
2017-12-13 12:03:09 Discarding external:ubuntu-core-16-arm-64...

2017-12-13 12:03:09 Successful tasks: 113
2017-12-13 12:03:09 Aborted tasks: 47
2017-12-13 12:03:09 Failed tasks: 2
    - external:ubuntu-core-16-arm-64:tests/main/interfaces-netlink-connector
    - external:ubuntu-core-16-arm-64:tests/main/ubuntu-core-classic
2017-12-13 12:03:09 Failed task restore: 1
    - external:ubuntu-core-16-arm-64:tests/main/ubuntu-core-classic
2017-12-13 12:03:09 Failed suite restore: 1
    - external:ubuntu-core-16-arm-64:tests/main/
2017-12-13 12:03:09 Failed project restore: 1
    - external:ubuntu-core-16-arm-64:project
error: unsuccessful run
2017-12-13 12:03:09,120 dragonboard_005 WARNING: Tests failed, rc=1
2017-12-13 12:03:09,121 dragonboard_005 INFO: END testrun
complete
